2025:07:07 00:54:55.877 [INFO] Program Started!
2025:07:07 00:55:5.853 [DEBUG] Header Map: accept-encoding:  gzip, deflate, br, zstd
2025:07:07 00:55:5.853 [DEBUG] Header Map: referer:  http://localhost:8080/
2025:07:07 00:55:5.853 [DEBUG] Header Map: accept-language:  en-US,en;q=0.9
2025:07:07 00:55:5.853 [DEBUG] Header Map: host:  localhost:8080
2025:07:07 00:55:5.853 [DEBUG] Header Map: connection:  keep-alive
2025:07:07 00:55:5.853 [DEBUG] Header Map: content-length:  34373
2025:07:07 00:55:5.853 [DEBUG] Header Map: sec-fetch-mode:  cors
2025:07:07 00:55:5.853 [DEBUG] Header Map: sec-ch-ua-platform:  "Linux"
2025:07:07 00:55:5.853 [DEBUG] Header Map: sec-fetch-site:  same-origin
2025:07:07 00:55:5.853 [DEBUG] Header Map: user-agent:  Mozilla/5.0 (X11; Linux x86_64) AppleWebKit/537.36 (KHTML, like Gecko) Chrome/138.0.0.0 Safari/537.36
2025:07:07 00:55:5.853 [DEBUG] Header Map: sec-ch-ua:  "Not)A;Brand";v="8", "Chromium";v="138", "Google Chrome";v="138"
2025:07:07 00:55:5.853 [DEBUG] Header Map: sec-fetch-dest:  empty
2025:07:07 00:55:5.853 [DEBUG] Header Map: content-type:  multipart/form-data; boundary=----WebKitFormBoundaryyC2ZNMLeTwqgPJTa
2025:07:07 00:55:5.853 [DEBUG] Header Map: sec-ch-ua-mobile:  ?0
2025:07:07 00:55:5.853 [DEBUG] Header Map: accept:  */*
2025:07:07 00:55:5.853 [DEBUG] Header Map: dnt:  1
2025:07:07 00:55:5.853 [DEBUG] Header Map: origin:  http://localhost:8080
2025:07:07 00:55:5.853 [DEBUG] 
2025:07:07 00:55:5.853 [DEBUG] Starting POST
2025:07:07 00:55:5.853 [DEBUG] Starting Boost Read
2025:07:07 00:55:5.853 [DEBUG] Ending Boost Read
2025:07:07 00:55:5.853 [DEBUG] Starting Image read
2025:07:07 00:55:5.854 [INFO] Image Downloaded
2025:07:07 00:55:16.272 [DEBUG] Header Map: accept-encoding:  gzip, deflate, br, zstd
2025:07:07 00:55:16.272 [DEBUG] Header Map: referer:  http://localhost:8080/
2025:07:07 00:55:16.272 [DEBUG] Header Map: accept-language:  en-US,en;q=0.9
2025:07:07 00:55:16.272 [DEBUG] Header Map: host:  localhost:8080
2025:07:07 00:55:16.272 [DEBUG] Header Map: connection:  keep-alive
2025:07:07 00:55:16.272 [DEBUG] Header Map: content-length:  34373
2025:07:07 00:55:16.272 [DEBUG] Header Map: sec-fetch-mode:  cors
2025:07:07 00:55:16.273 [DEBUG] Header Map: sec-ch-ua-platform:  "Linux"
2025:07:07 00:55:16.273 [DEBUG] Header Map: sec-fetch-site:  same-origin
2025:07:07 00:55:16.273 [DEBUG] Header Map: user-agent:  Mozilla/5.0 (X11; Linux x86_64) AppleWebKit/537.36 (KHTML, like Gecko) Chrome/138.0.0.0 Safari/537.36
2025:07:07 00:55:16.273 [DEBUG] Header Map: sec-ch-ua:  "Not)A;Brand";v="8", "Chromium";v="138", "Google Chrome";v="138"
2025:07:07 00:55:16.273 [DEBUG] Header Map: sec-fetch-dest:  empty
2025:07:07 00:55:16.273 [DEBUG] Header Map: content-type:  multipart/form-data; boundary=----WebKitFormBoundarywIfyA7ijiyW2ARvw
2025:07:07 00:55:16.273 [DEBUG] Header Map: sec-ch-ua-mobile:  ?0
2025:07:07 00:55:16.273 [DEBUG] Header Map: accept:  */*
2025:07:07 00:55:16.273 [DEBUG] Header Map: dnt:  1
2025:07:07 00:55:16.273 [DEBUG] Header Map: origin:  http://localhost:8080
2025:07:07 00:55:16.273 [DEBUG] 
2025:07:07 00:55:16.273 [DEBUG] Starting POST
2025:07:07 00:55:16.273 [DEBUG] Starting Boost Read
2025:07:07 00:55:16.273 [DEBUG] Ending Boost Read
2025:07:07 00:55:16.273 [DEBUG] Starting Image read
2025:07:07 00:55:16.273 [INFO] Image Downloaded
2025:07:07 00:55:44.773 [DEBUG] Header Map: accept-encoding:  gzip, deflate, br, zstd
2025:07:07 00:55:44.773 [DEBUG] Header Map: referer:  http://localhost:8080/
2025:07:07 00:55:44.773 [DEBUG] Header Map: accept-language:  en-US,en;q=0.9
2025:07:07 00:55:44.773 [DEBUG] Header Map: host:  localhost:8080
2025:07:07 00:55:44.773 [DEBUG] Header Map: connection:  keep-alive
2025:07:07 00:55:44.773 [DEBUG] Header Map: content-length:  34373
2025:07:07 00:55:44.773 [DEBUG] Header Map: sec-fetch-mode:  cors
2025:07:07 00:55:44.773 [DEBUG] Header Map: sec-ch-ua-platform:  "Linux"
2025:07:07 00:55:44.773 [DEBUG] Header Map: sec-fetch-site:  same-origin
2025:07:07 00:55:44.773 [DEBUG] Header Map: user-agent:  Mozilla/5.0 (X11; Linux x86_64) AppleWebKit/537.36 (KHTML, like Gecko) Chrome/138.0.0.0 Safari/537.36
2025:07:07 00:55:44.773 [DEBUG] Header Map: sec-ch-ua:  "Not)A;Brand";v="8", "Chromium";v="138", "Google Chrome";v="138"
2025:07:07 00:55:44.773 [DEBUG] Header Map: sec-fetch-dest:  empty
2025:07:07 00:55:44.773 [DEBUG] Header Map: content-type:  multipart/form-data; boundary=----WebKitFormBoundaryW8tG2bAfhkQKjITq
2025:07:07 00:55:44.773 [DEBUG] Header Map: sec-ch-ua-mobile:  ?0
2025:07:07 00:55:44.773 [DEBUG] Header Map: accept:  */*
2025:07:07 00:55:44.773 [DEBUG] Header Map: dnt:  1
2025:07:07 00:55:44.773 [DEBUG] Header Map: origin:  http://localhost:8080
2025:07:07 00:55:44.773 [DEBUG] 
2025:07:07 00:55:44.773 [DEBUG] Starting POST
2025:07:07 00:55:44.773 [DEBUG] Starting Boost Read
2025:07:07 00:55:44.773 [DEBUG] Ending Boost Read
2025:07:07 00:55:44.774 [DEBUG] Starting Image read
2025:07:07 00:55:44.774 [INFO] Image Downloaded
2025:07:07 00:55:49.954 [DEBUG] Header Map: accept-encoding:  gzip, deflate, br, zstd
2025:07:07 00:55:49.954 [DEBUG] Header Map: referer:  http://localhost:8080/
2025:07:07 00:55:49.954 [DEBUG] Header Map: accept-language:  en-US,en;q=0.9
2025:07:07 00:55:49.954 [DEBUG] Header Map: host:  localhost:8080
2025:07:07 00:55:49.954 [DEBUG] Header Map: connection:  keep-alive
2025:07:07 00:55:49.954 [DEBUG] Header Map: content-length:  34373
2025:07:07 00:55:49.954 [DEBUG] Header Map: sec-fetch-mode:  cors
2025:07:07 00:55:49.954 [DEBUG] Header Map: sec-ch-ua-platform:  "Linux"
2025:07:07 00:55:49.954 [DEBUG] Header Map: sec-fetch-site:  same-origin
2025:07:07 00:55:49.954 [DEBUG] Header Map: user-agent:  Mozilla/5.0 (X11; Linux x86_64) AppleWebKit/537.36 (KHTML, like Gecko) Chrome/138.0.0.0 Safari/537.36
2025:07:07 00:55:49.954 [DEBUG] Header Map: sec-ch-ua:  "Not)A;Brand";v="8", "Chromium";v="138", "Google Chrome";v="138"
2025:07:07 00:55:49.954 [DEBUG] Header Map: sec-fetch-dest:  empty
2025:07:07 00:55:49.954 [DEBUG] Header Map: content-type:  multipart/form-data; boundary=----WebKitFormBoundaryc3rUAluqmXSzttou
2025:07:07 00:55:49.954 [DEBUG] Header Map: sec-ch-ua-mobile:  ?0
2025:07:07 00:55:49.955 [DEBUG] Header Map: accept:  */*
2025:07:07 00:55:49.955 [DEBUG] Header Map: dnt:  1
2025:07:07 00:55:49.955 [DEBUG] Header Map: origin:  http://localhost:8080
2025:07:07 00:55:49.955 [DEBUG] 
2025:07:07 00:55:49.955 [DEBUG] Starting POST
2025:07:07 00:55:49.955 [DEBUG] Starting Boost Read
2025:07:07 00:55:49.955 [DEBUG] Ending Boost Read
2025:07:07 00:55:49.955 [DEBUG] Starting Image read
2025:07:07 00:55:49.955 [INFO] Image Downloaded
2025:07:07 00:55:51.234 [DEBUG] Header Map: accept-encoding:  gzip, deflate, br, zstd
2025:07:07 00:55:51.234 [DEBUG] Header Map: referer:  http://localhost:8080/
2025:07:07 00:55:51.234 [DEBUG] Header Map: accept-language:  en-US,en;q=0.9
2025:07:07 00:55:51.234 [DEBUG] Header Map: host:  localhost:8080
2025:07:07 00:55:51.234 [DEBUG] Header Map: connection:  keep-alive
2025:07:07 00:55:51.234 [DEBUG] Header Map: content-length:  34373
2025:07:07 00:55:51.234 [DEBUG] Header Map: sec-fetch-mode:  cors
2025:07:07 00:55:51.234 [DEBUG] Header Map: sec-ch-ua-platform:  "Linux"
2025:07:07 00:55:51.234 [DEBUG] Header Map: sec-fetch-site:  same-origin
2025:07:07 00:55:51.234 [DEBUG] Header Map: user-agent:  Mozilla/5.0 (X11; Linux x86_64) AppleWebKit/537.36 (KHTML, like Gecko) Chrome/138.0.0.0 Safari/537.36
2025:07:07 00:55:51.234 [DEBUG] Header Map: sec-ch-ua:  "Not)A;Brand";v="8", "Chromium";v="138", "Google Chrome";v="138"
2025:07:07 00:55:51.234 [DEBUG] Header Map: sec-fetch-dest:  empty
2025:07:07 00:55:51.234 [DEBUG] Header Map: content-type:  multipart/form-data; boundary=----WebKitFormBoundaryeBJLIlvV71wIGyX2
2025:07:07 00:55:51.234 [DEBUG] Header Map: sec-ch-ua-mobile:  ?0
2025:07:07 00:55:51.234 [DEBUG] Header Map: accept:  */*
2025:07:07 00:55:51.234 [DEBUG] Header Map: dnt:  1
2025:07:07 00:55:51.234 [DEBUG] Header Map: origin:  http://localhost:8080
2025:07:07 00:55:51.234 [DEBUG] 
2025:07:07 00:55:51.234 [DEBUG] Starting POST
2025:07:07 00:55:51.234 [DEBUG] Starting Boost Read
2025:07:07 00:55:51.234 [DEBUG] Ending Boost Read
2025:07:07 00:55:51.234 [DEBUG] Starting Image read
2025:07:07 00:55:51.234 [INFO] Image Downloaded
2025:07:07 00:55:52.501 [DEBUG] Header Map: accept-encoding:  gzip, deflate, br, zstd
2025:07:07 00:55:52.501 [DEBUG] Header Map: referer:  http://localhost:8080/
2025:07:07 00:55:52.501 [DEBUG] Header Map: accept-language:  en-US,en;q=0.9
2025:07:07 00:55:52.501 [DEBUG] Header Map: host:  localhost:8080
2025:07:07 00:55:52.501 [DEBUG] Header Map: connection:  keep-alive
2025:07:07 00:55:52.501 [DEBUG] Header Map: content-length:  34373
2025:07:07 00:55:52.501 [DEBUG] Header Map: sec-fetch-mode:  cors
2025:07:07 00:55:52.501 [DEBUG] Header Map: sec-ch-ua-platform:  "Linux"
2025:07:07 00:55:52.501 [DEBUG] Header Map: sec-fetch-site:  same-origin
2025:07:07 00:55:52.501 [DEBUG] Header Map: user-agent:  Mozilla/5.0 (X11; Linux x86_64) AppleWebKit/537.36 (KHTML, like Gecko) Chrome/138.0.0.0 Safari/537.36
2025:07:07 00:55:52.501 [DEBUG] Header Map: sec-ch-ua:  "Not)A;Brand";v="8", "Chromium";v="138", "Google Chrome";v="138"
2025:07:07 00:55:52.501 [DEBUG] Header Map: sec-fetch-dest:  empty
2025:07:07 00:55:52.501 [DEBUG] Header Map: content-type:  multipart/form-data; boundary=----WebKitFormBoundaryAvIXEuNw5xbAz9ue
2025:07:07 00:55:52.501 [DEBUG] Header Map: sec-ch-ua-mobile:  ?0
2025:07:07 00:55:52.501 [DEBUG] Header Map: accept:  */*
2025:07:07 00:55:52.501 [DEBUG] Header Map: dnt:  1
2025:07:07 00:55:52.501 [DEBUG] Header Map: origin:  http://localhost:8080
2025:07:07 00:55:52.501 [DEBUG] 
2025:07:07 00:55:52.501 [DEBUG] Starting POST
2025:07:07 00:55:52.501 [DEBUG] Starting Boost Read
2025:07:07 00:55:52.501 [DEBUG] Ending Boost Read
2025:07:07 00:55:52.501 [DEBUG] Starting Image read
2025:07:07 00:55:52.501 [INFO] Image Downloaded
2025:07:07 00:57:3.323 [DEBUG] Header Map: accept-encoding:  gzip, deflate
2025:07:07 00:57:3.323 [DEBUG] Header Map: accept-language:  en-US,en;q=0.9
2025:07:07 00:57:3.323 [DEBUG] Header Map: origin:  http://192.168.1.59:8080
2025:07:07 00:57:3.323 [DEBUG] Header Map: accept:  */*
2025:07:07 00:57:3.323 [DEBUG] Header Map: referer:  http://192.168.1.59:8080/
2025:07:07 00:57:3.323 [DEBUG] Header Map: content-type:  multipart/form-data; boundary=----WebKitFormBoundary8b20j81bKR2jati8
2025:07:07 00:57:3.323 [DEBUG] Header Map: user-agent:  Mozilla/5.0 (X11; Linux x86_64) AppleWebKit/537.36 (KHTML, like Gecko) Chrome/138.0.0.0 Safari/537.36
2025:07:07 00:57:3.323 [DEBUG] Header Map: content-length:  29665
2025:07:07 00:57:3.323 [DEBUG] Header Map: dnt:  1
2025:07:07 00:57:3.323 [DEBUG] Header Map: connection:  keep-alive
2025:07:07 00:57:3.323 [DEBUG] Header Map: host:  192.168.1.59:8080
2025:07:07 00:57:3.323 [DEBUG] 
2025:07:07 00:57:3.323 [DEBUG] Starting POST
2025:07:07 00:57:3.323 [DEBUG] Starting Boost Read
2025:07:07 00:57:15.787 [DEBUG] Ending Boost Read
2025:07:07 00:57:15.787 [ERROR] Failed to read full body: End of file
2025:07:07 00:57:21.648 [DEBUG] Header Map: accept-encoding:  gzip, deflate
2025:07:07 00:57:21.648 [DEBUG] Header Map: accept-language:  en-US,en;q=0.9
2025:07:07 00:57:21.649 [DEBUG] Header Map: origin:  http://192.168.1.59:8080
2025:07:07 00:57:21.649 [DEBUG] Header Map: accept:  */*
2025:07:07 00:57:21.649 [DEBUG] Header Map: referer:  http://192.168.1.59:8080/
2025:07:07 00:57:21.649 [DEBUG] Header Map: content-type:  multipart/form-data; boundary=----WebKitFormBoundaryL3JeNHyBYvUphzPG
2025:07:07 00:57:21.649 [DEBUG] Header Map: user-agent:  Mozilla/5.0 (X11; Linux x86_64) AppleWebKit/537.36 (KHTML, like Gecko) Chrome/138.0.0.0 Safari/537.36
2025:07:07 00:57:21.649 [DEBUG] Header Map: content-length:  60011
2025:07:07 00:57:21.649 [DEBUG] Header Map: dnt:  1
2025:07:07 00:57:21.649 [DEBUG] Header Map: connection:  keep-alive
2025:07:07 00:57:21.649 [DEBUG] Header Map: host:  192.168.1.59:8080
2025:07:07 00:57:21.649 [DEBUG] 
2025:07:07 00:57:21.649 [DEBUG] Starting POST
2025:07:07 00:57:21.649 [DEBUG] Starting Boost Read
2025:07:07 00:58:42.72 [DEBUG] Ending Boost Read
2025:07:07 00:58:42.72 [ERROR] Failed to read full body: End of file
2025:07:07 00:58:51.770 [DEBUG] Header Map: accept-encoding:  gzip, deflate
2025:07:07 00:58:51.770 [DEBUG] Header Map: accept-language:  en-US,en;q=0.9
2025:07:07 00:58:51.770 [DEBUG] Header Map: origin:  http://192.168.1.59:8080
2025:07:07 00:58:51.770 [DEBUG] Header Map: accept:  */*
2025:07:07 00:58:51.770 [DEBUG] Header Map: referer:  http://192.168.1.59:8080/
2025:07:07 00:58:51.770 [DEBUG] Header Map: content-type:  multipart/form-data; boundary=----WebKitFormBoundarycklWQj99Ad4yAxt1
2025:07:07 00:58:51.770 [DEBUG] Header Map: user-agent:  Mozilla/5.0 (X11; Linux x86_64) AppleWebKit/537.36 (KHTML, like Gecko) Chrome/138.0.0.0 Safari/537.36
2025:07:07 00:58:51.770 [DEBUG] Header Map: content-length:  60011
2025:07:07 00:58:51.770 [DEBUG] Header Map: dnt:  1
2025:07:07 00:58:51.770 [DEBUG] Header Map: connection:  keep-alive
2025:07:07 00:58:51.770 [DEBUG] Header Map: host:  192.168.1.59:8080
2025:07:07 00:58:51.770 [DEBUG] 
2025:07:07 00:58:51.770 [DEBUG] Starting POST
2025:07:07 00:58:51.770 [DEBUG] Starting Boost Read
2025:07:07 01:03:24.788 [DEBUG] Header Map: accept-encoding:  gzip, deflate
2025:07:07 01:03:24.788 [DEBUG] Header Map: accept-language:  en-US,en;q=0.9
2025:07:07 01:03:24.788 [DEBUG] Header Map: origin:  http://192.168.1.59:8080
2025:07:07 01:03:24.789 [DEBUG] Header Map: accept:  */*
2025:07:07 01:03:24.789 [DEBUG] Header Map: referer:  http://192.168.1.59:8080/
2025:07:07 01:03:24.789 [DEBUG] Header Map: content-type:  multipart/form-data; boundary=----WebKitFormBoundaryTvNe2nVC7kCJaqVj
2025:07:07 01:03:24.789 [DEBUG] Header Map: user-agent:  Mozilla/5.0 (X11; Linux x86_64) AppleWebKit/537.36 (KHTML, like Gecko) Chrome/138.0.0.0 Safari/537.36
2025:07:07 01:03:24.789 [DEBUG] Header Map: content-length:  60011
2025:07:07 01:03:24.789 [DEBUG] Header Map: dnt:  1
2025:07:07 01:03:24.789 [DEBUG] Header Map: connection:  keep-alive
2025:07:07 01:03:24.789 [DEBUG] Header Map: host:  192.168.1.59:8080
2025:07:07 01:03:24.789 [DEBUG] 
2025:07:07 01:03:24.789 [DEBUG] Starting POST
2025:07:07 01:03:24.789 [DEBUG] Starting Boost Read
2025:07:07 01:03:27.218 [DEBUG] Header Map: accept-encoding:  gzip, deflate
2025:07:07 01:03:27.218 [DEBUG] Header Map: accept-language:  en-US,en;q=0.9
2025:07:07 01:03:27.218 [DEBUG] Header Map: origin:  http://192.168.1.59:8080
2025:07:07 01:03:27.218 [DEBUG] Header Map: accept:  */*
2025:07:07 01:03:27.218 [DEBUG] Header Map: referer:  http://192.168.1.59:8080/
2025:07:07 01:03:27.218 [DEBUG] Header Map: content-type:  multipart/form-data; boundary=----WebKitFormBoundarywH8kKDyEnU57IHNX
2025:07:07 01:03:27.218 [DEBUG] Header Map: user-agent:  Mozilla/5.0 (X11; Linux x86_64) AppleWebKit/537.36 (KHTML, like Gecko) Chrome/138.0.0.0 Safari/537.36
2025:07:07 01:03:27.218 [DEBUG] Header Map: content-length:  60011
2025:07:07 01:03:27.218 [DEBUG] Header Map: dnt:  1
2025:07:07 01:03:27.218 [DEBUG] Header Map: connection:  keep-alive
2025:07:07 01:03:27.218 [DEBUG] Header Map: host:  192.168.1.59:8080
2025:07:07 01:03:27.218 [DEBUG] 
2025:07:07 01:03:27.218 [DEBUG] Starting POST
2025:07:07 01:03:27.218 [DEBUG] Starting Boost Read
2025:07:07 01:03:28.51 [DEBUG] Header Map: accept-encoding:  gzip, deflate
2025:07:07 01:03:28.51 [DEBUG] Header Map: accept-language:  en-US,en;q=0.9
2025:07:07 01:03:28.51 [DEBUG] Header Map: origin:  http://192.168.1.59:8080
2025:07:07 01:03:28.51 [DEBUG] Header Map: accept:  */*
2025:07:07 01:03:28.51 [DEBUG] Header Map: referer:  http://192.168.1.59:8080/
2025:07:07 01:03:28.51 [DEBUG] Header Map: content-type:  multipart/form-data; boundary=----WebKitFormBoundarycpEmkTi0qCASNQsE
2025:07:07 01:03:28.51 [DEBUG] Header Map: user-agent:  Mozilla/5.0 (X11; Linux x86_64) AppleWebKit/537.36 (KHTML, like Gecko) Chrome/138.0.0.0 Safari/537.36
2025:07:07 01:03:28.51 [DEBUG] Header Map: content-length:  60011
2025:07:07 01:03:28.52 [DEBUG] Header Map: dnt:  1
2025:07:07 01:03:28.52 [DEBUG] Header Map: connection:  keep-alive
2025:07:07 01:03:28.52 [DEBUG] Header Map: host:  192.168.1.59:8080
2025:07:07 01:03:28.52 [DEBUG] 
2025:07:07 01:03:28.52 [DEBUG] Starting POST
2025:07:07 01:03:28.52 [DEBUG] Starting Boost Read
2025:07:07 01:03:28.764 [DEBUG] Header Map: accept-encoding:  gzip, deflate
2025:07:07 01:03:28.764 [DEBUG] Header Map: accept-language:  en-US,en;q=0.9
2025:07:07 01:03:28.764 [DEBUG] Header Map: origin:  http://192.168.1.59:8080
2025:07:07 01:03:28.764 [DEBUG] Header Map: accept:  */*
2025:07:07 01:03:28.764 [DEBUG] Header Map: referer:  http://192.168.1.59:8080/
2025:07:07 01:03:28.764 [DEBUG] Header Map: content-type:  multipart/form-data; boundary=----WebKitFormBoundaryKUV21oJp3ol3Xlpu
2025:07:07 01:03:28.764 [DEBUG] Header Map: user-agent:  Mozilla/5.0 (X11; Linux x86_64) AppleWebKit/537.36 (KHTML, like Gecko) Chrome/138.0.0.0 Safari/537.36
2025:07:07 01:03:28.764 [DEBUG] Header Map: content-length:  60011
2025:07:07 01:03:28.764 [DEBUG] Header Map: dnt:  1
2025:07:07 01:03:28.764 [DEBUG] Header Map: connection:  keep-alive
2025:07:07 01:03:28.764 [DEBUG] Header Map: host:  192.168.1.59:8080
2025:07:07 01:03:28.764 [DEBUG] 
2025:07:07 01:03:28.764 [DEBUG] Starting POST
2025:07:07 01:03:28.764 [DEBUG] Starting Boost Read
2025:07:07 01:03:29.167 [DEBUG] Header Map: accept-encoding:  gzip, deflate
2025:07:07 01:03:29.167 [DEBUG] Header Map: accept-language:  en-US,en;q=0.9
2025:07:07 01:03:29.167 [DEBUG] Header Map: origin:  http://192.168.1.59:8080
2025:07:07 01:03:29.167 [DEBUG] Header Map: accept:  */*
2025:07:07 01:03:29.167 [DEBUG] Header Map: referer:  http://192.168.1.59:8080/
2025:07:07 01:03:29.167 [DEBUG] Header Map: content-type:  multipart/form-data; boundary=----WebKitFormBoundaryqYZBVVY9AUsMFewL
2025:07:07 01:03:29.167 [DEBUG] Header Map: user-agent:  Mozilla/5.0 (X11; Linux x86_64) AppleWebKit/537.36 (KHTML, like Gecko) Chrome/138.0.0.0 Safari/537.36
2025:07:07 01:03:29.167 [DEBUG] Header Map: content-length:  60011
2025:07:07 01:03:29.167 [DEBUG] Header Map: dnt:  1
2025:07:07 01:03:29.167 [DEBUG] Header Map: connection:  keep-alive
2025:07:07 01:03:29.167 [DEBUG] Header Map: host:  192.168.1.59:8080
2025:07:07 01:03:29.167 [DEBUG] 
2025:07:07 01:03:29.167 [DEBUG] Starting POST
2025:07:07 01:03:29.167 [DEBUG] Starting Boost Read
2025:07:07 01:03:29.199 [DEBUG] Ending Boost Read
2025:07:07 01:03:29.200 [DEBUG] Starting Image read
2025:07:07 01:03:29.200 [INFO] Image Downloaded
2025:07:07 01:03:29.510 [DEBUG] Header Map: accept-encoding:  gzip, deflate
2025:07:07 01:03:29.510 [DEBUG] Header Map: accept-language:  en-US,en;q=0.9
2025:07:07 01:03:29.510 [DEBUG] Header Map: origin:  http://192.168.1.59:8080
2025:07:07 01:03:29.510 [DEBUG] Header Map: accept:  */*
2025:07:07 01:03:29.510 [DEBUG] Header Map: referer:  http://192.168.1.59:8080/
2025:07:07 01:03:29.510 [DEBUG] Header Map: content-type:  multipart/form-data; boundary=----WebKitFormBoundaryjFPmky7Qcvy7BieO
2025:07:07 01:03:29.510 [DEBUG] Header Map: user-agent:  Mozilla/5.0 (X11; Linux x86_64) AppleWebKit/537.36 (KHTML, like Gecko) Chrome/138.0.0.0 Safari/537.36
2025:07:07 01:03:29.510 [DEBUG] Header Map: content-length:  60011
2025:07:07 01:03:29.510 [DEBUG] Header Map: dnt:  1
2025:07:07 01:03:29.510 [DEBUG] Header Map: connection:  keep-alive
2025:07:07 01:03:29.510 [DEBUG] Header Map: host:  192.168.1.59:8080
2025:07:07 01:03:29.510 [DEBUG] 
2025:07:07 01:03:29.510 [DEBUG] Starting POST
2025:07:07 01:03:29.510 [DEBUG] Starting Boost Read
