2025:07:07 01:24:56.795 [INFO] Program Started!
2025:07:07 01:25:06.388 [DEBUG] Header Map: content-length:  1540446
2025:07:07 01:25:06.388 [DEBUG] Header Map: user-agent:  Mozilla/5.0 (iPhone; CPU iPhone OS 18_5_0 like Mac OS X) AppleWebKit/605.1.15 (KHTML, like Gecko) CriOS/138.0.7204.56 Mobile/15E148 Safari/604.1
2025:07:07 01:25:06.388 [DEBUG] Header Map: accept:  */*
2025:07:07 01:25:06.388 [DEBUG] Header Map: accept-encoding:  gzip, deflate
2025:07:07 01:25:06.389 [DEBUG] Header Map: accept-language:  en-US,en;q=0.9
2025:07:07 01:25:06.389 [DEBUG] Header Map: origin:  http://192.168.1.59:8080
2025:07:07 01:25:06.389 [DEBUG] Header Map: referer:  http://192.168.1.59:8080/
2025:07:07 01:25:06.389 [DEBUG] Header Map: content-type:  multipart/form-data; boundary=----WebKitFormBoundaryXWEs17R60R2vTBlQ
2025:07:07 01:25:06.389 [DEBUG] Header Map: connection:  keep-alive
2025:07:07 01:25:06.389 [DEBUG] Header Map: host:  192.168.1.59:8080
2025:07:07 01:25:06.389 [DEBUG] 
2025:07:07 01:25:06.389 [DEBUG] Starting POST
2025:07:07 01:25:06.390 [DEBUG] Starting Boost Read
2025:07:07 01:25:06.390 [DEBUG] Bytes Available: 13156
2025:07:07 01:25:06.390 [DEBUG] Remaining Bytes: 1540446
2025:07:07 01:25:06.390 [DEBUG] Content Length: 1540446
2025:07:07 01:25:06.390 [DEBUG] Bytes in Buffer: 0
2025:07:07 01:27:19.270 [DEBUG] Ending Boost Read
2025:07:07 01:27:19.270 [ERROR] Failed to read full body: Connection reset by peer
2025:07:07 01:27:19.272 [ERROR] write: Broken pipe
