2025:07:06 21:37:32.586 [INFO] Program Started!
2025:07:06 21:37:38.10 [DEBUG] Header Map: accept-encoding:  gzip, deflate
2025:07:06 21:37:38.10 [DEBUG] Header Map: accept-language:  en-US,en;q=0.9
2025:07:06 21:37:38.10 [DEBUG] Header Map: user-agent:  Mozilla/5.0 (iPhone; CPU iPhone OS 18_5_0 like Mac OS X) AppleWebKit/605.1.15 (KHTML, like Gecko) CriOS/138.0.7204.56 Mobile/15E148 Safari/604.1
2025:07:06 21:37:38.10 [DEBUG] Header Map: accept:  text/html,application/xhtml+xml,application/xml;q=0.9,*/*;q=0.8
2025:07:06 21:37:38.10 [DEBUG] Header Map: upgrade-insecure-requests:  1
2025:07:06 21:37:38.10 [DEBUG] Header Map: connection:  keep-alive
2025:07:06 21:37:38.10 [DEBUG] Header Map: host:  192.168.1.59:8080
2025:07:06 21:37:38.10 [DEBUG] 
2025:07:06 21:37:38.60 [DEBUG] Header Map: accept-encoding:  gzip, deflate
2025:07:06 21:37:38.60 [DEBUG] Header Map: referer:  http://192.168.1.59:8080/
2025:07:06 21:37:38.60 [DEBUG] Header Map: accept-language:  en-US,en;q=0.9
2025:07:06 21:37:38.60 [DEBUG] Header Map: user-agent:  Mozilla/5.0 (iPhone; CPU iPhone OS 18_5_0 like Mac OS X) AppleWebKit/605.1.15 (KHTML, like Gecko) CriOS/138.0.7204.56 Mobile/15E148 Safari/604.1
2025:07:06 21:37:38.60 [DEBUG] Header Map: accept:  image/webp,image/avif,image/jxl,image/heic,image/heic-sequence,video/*;q=0.8,image/png,image/svg+xml,image/*;q=0.8,*/*;q=0.5
2025:07:06 21:37:38.60 [DEBUG] Header Map: connection:  keep-alive
2025:07:06 21:37:38.60 [DEBUG] Header Map: host:  192.168.1.59:8080
2025:07:06 21:37:38.60 [DEBUG] 
2025:07:06 21:37:43.324 [DEBUG] Header Map: content-length:  551538
2025:07:06 21:37:43.324 [DEBUG] Header Map: user-agent:  Mozilla/5.0 (iPhone; CPU iPhone OS 18_5_0 like Mac OS X) AppleWebKit/605.1.15 (KHTML, like Gecko) CriOS/138.0.7204.56 Mobile/15E148 Safari/604.1
2025:07:06 21:37:43.324 [DEBUG] Header Map: accept:  */*
2025:07:06 21:37:43.324 [DEBUG] Header Map: accept-encoding:  gzip, deflate
2025:07:06 21:37:43.324 [DEBUG] Header Map: accept-language:  en-US,en;q=0.9
2025:07:06 21:37:43.324 [DEBUG] Header Map: origin:  http://192.168.1.59:8080
2025:07:06 21:37:43.324 [DEBUG] Header Map: referer:  http://192.168.1.59:8080/
2025:07:06 21:37:43.324 [DEBUG] Header Map: content-type:  multipart/form-data; boundary=----WebKitFormBoundarySJLrikFif7bL9jBT
2025:07:06 21:37:43.324 [DEBUG] Header Map: connection:  keep-alive
2025:07:06 21:37:43.324 [DEBUG] Header Map: host:  192.168.1.59:8080
2025:07:06 21:37:43.324 [DEBUG] 
2025:07:06 21:37:43.324 [DEBUG] Starting POST
2025:07:06 21:37:43.324 [DEBUG] idk
2025:07:06 21:37:43.324 [DEBUG] end of idk
2025:07:06 21:37:43.421 [DEBUG] Starting Image read
2025:07:06 21:37:43.422 [INFO] Image Downloaded
2025:07:06 21:37:47.118 [DEBUG] Header Map: content-length:  551538
2025:07:06 21:37:47.118 [DEBUG] Header Map: user-agent:  Mozilla/5.0 (iPhone; CPU iPhone OS 18_5_0 like Mac OS X) AppleWebKit/605.1.15 (KHTML, like Gecko) CriOS/138.0.7204.56 Mobile/15E148 Safari/604.1
2025:07:06 21:37:47.118 [DEBUG] Header Map: accept:  */*
2025:07:06 21:37:47.118 [DEBUG] Header Map: accept-encoding:  gzip, deflate
2025:07:06 21:37:47.118 [DEBUG] Header Map: accept-language:  en-US,en;q=0.9
2025:07:06 21:37:47.118 [DEBUG] Header Map: origin:  http://192.168.1.59:8080
2025:07:06 21:37:47.118 [DEBUG] Header Map: referer:  http://192.168.1.59:8080/
2025:07:06 21:37:47.118 [DEBUG] Header Map: content-type:  multipart/form-data; boundary=----WebKitFormBoundaryWMxjM7zq1l2W79SV
2025:07:06 21:37:47.118 [DEBUG] Header Map: connection:  keep-alive
2025:07:06 21:37:47.118 [DEBUG] Header Map: host:  192.168.1.59:8080
2025:07:06 21:37:47.118 [DEBUG] 
2025:07:06 21:37:47.118 [DEBUG] Starting POST
2025:07:06 21:37:47.118 [DEBUG] idk
2025:07:06 21:37:47.118 [DEBUG] end of idk
2025:07:06 21:37:51.617 [ERROR] Failed to read full body: End of file
2025:07:06 21:37:51.624 [DEBUG] Header Map: accept-encoding:  gzip, deflate
2025:07:06 21:37:51.624 [DEBUG] Header Map: accept-language:  en-US,en;q=0.9
2025:07:06 21:37:51.624 [DEBUG] Header Map: user-agent:  Mozilla/5.0 (iPhone; CPU iPhone OS 18_5_0 like Mac OS X) AppleWebKit/605.1.15 (KHTML, like Gecko) CriOS/138.0.7204.56 Mobile/15E148 Safari/604.1
2025:07:06 21:37:51.624 [DEBUG] Header Map: accept:  text/html,application/xhtml+xml,application/xml;q=0.9,*/*;q=0.8
2025:07:06 21:37:51.624 [DEBUG] Header Map: upgrade-insecure-requests:  1
2025:07:06 21:37:51.624 [DEBUG] Header Map: connection:  keep-alive
2025:07:06 21:37:51.624 [DEBUG] Header Map: host:  192.168.1.59:8080
2025:07:06 21:37:51.624 [DEBUG] 
2025:07:06 21:37:51.640 [DEBUG] Header Map: accept-encoding:  gzip, deflate
2025:07:06 21:37:51.640 [DEBUG] Header Map: referer:  http://192.168.1.59:8080/
2025:07:06 21:37:51.640 [DEBUG] Header Map: accept-language:  en-US,en;q=0.9
2025:07:06 21:37:51.640 [DEBUG] Header Map: user-agent:  Mozilla/5.0 (iPhone; CPU iPhone OS 18_5_0 like Mac OS X) AppleWebKit/605.1.15 (KHTML, like Gecko) CriOS/138.0.7204.56 Mobile/15E148 Safari/604.1
2025:07:06 21:37:51.640 [DEBUG] Header Map: accept:  image/webp,image/avif,image/jxl,image/heic,image/heic-sequence,video/*;q=0.8,image/png,image/svg+xml,image/*;q=0.8,*/*;q=0.5
2025:07:06 21:37:51.640 [DEBUG] Header Map: connection:  keep-alive
2025:07:06 21:37:51.640 [DEBUG] Header Map: host:  192.168.1.59:8080
2025:07:06 21:37:51.640 [DEBUG] 
2025:07:06 21:37:57.519 [DEBUG] Header Map: content-length:  1898794
2025:07:06 21:37:57.519 [DEBUG] Header Map: user-agent:  Mozilla/5.0 (iPhone; CPU iPhone OS 18_5_0 like Mac OS X) AppleWebKit/605.1.15 (KHTML, like Gecko) CriOS/138.0.7204.56 Mobile/15E148 Safari/604.1
2025:07:06 21:37:57.519 [DEBUG] Header Map: accept:  */*
2025:07:06 21:37:57.519 [DEBUG] Header Map: accept-encoding:  gzip, deflate
2025:07:06 21:37:57.519 [DEBUG] Header Map: accept-language:  en-US,en;q=0.9
2025:07:06 21:37:57.519 [DEBUG] Header Map: origin:  http://192.168.1.59:8080
2025:07:06 21:37:57.519 [DEBUG] Header Map: referer:  http://192.168.1.59:8080/
2025:07:06 21:37:57.519 [DEBUG] Header Map: content-type:  multipart/form-data; boundary=----WebKitFormBoundarymbKZSwpZsksjZslV
2025:07:06 21:37:57.519 [DEBUG] Header Map: connection:  keep-alive
2025:07:06 21:37:57.519 [DEBUG] Header Map: host:  192.168.1.59:8080
2025:07:06 21:37:57.519 [DEBUG] 
2025:07:06 21:37:57.519 [DEBUG] Starting POST
2025:07:06 21:37:57.520 [DEBUG] idk
2025:07:06 21:37:57.520 [DEBUG] end of idk
2025:07:06 21:37:57.736 [DEBUG] Starting Image read
2025:07:06 21:37:57.739 [INFO] Image Downloaded
2025:07:06 21:38:5.188 [DEBUG] Header Map: content-length:  1769209
2025:07:06 21:38:5.188 [DEBUG] Header Map: user-agent:  Mozilla/5.0 (iPhone; CPU iPhone OS 18_5_0 like Mac OS X) AppleWebKit/605.1.15 (KHTML, like Gecko) CriOS/138.0.7204.56 Mobile/15E148 Safari/604.1
2025:07:06 21:38:5.188 [DEBUG] Header Map: accept:  */*
2025:07:06 21:38:5.188 [DEBUG] Header Map: accept-encoding:  gzip, deflate
2025:07:06 21:38:5.188 [DEBUG] Header Map: accept-language:  en-US,en;q=0.9
2025:07:06 21:38:5.188 [DEBUG] Header Map: origin:  http://192.168.1.59:8080
2025:07:06 21:38:5.188 [DEBUG] Header Map: referer:  http://192.168.1.59:8080/
2025:07:06 21:38:5.189 [DEBUG] Header Map: content-type:  multipart/form-data; boundary=----WebKitFormBoundaryWuueGe805cRwobg3
2025:07:06 21:38:5.189 [DEBUG] Header Map: connection:  keep-alive
2025:07:06 21:38:5.189 [DEBUG] Header Map: host:  192.168.1.59:8080
2025:07:06 21:38:5.189 [DEBUG] 
2025:07:06 21:38:5.189 [DEBUG] Starting POST
2025:07:06 21:38:5.189 [DEBUG] idk
2025:07:06 21:38:5.189 [DEBUG] end of idk
