2025:7:6 19:53:32.308 [INFO] Program Started!
2025:7:6 19:53:32.670 [DEBUG] Header Map: accept-language:  en-US,en;q=0.9
2025:7:6 19:53:32.670 [DEBUG] Header Map: host:  localhost:8080
2025:7:6 19:53:32.670 [DEBUG] Header Map: connection:  keep-alive
2025:7:6 19:53:32.670 [DEBUG] Header Map: dnt:  1
2025:7:6 19:53:32.670 [DEBUG] Header Map: sec-ch-ua-platform:  "Linux"
2025:7:6 19:53:32.670 [DEBUG] Header Map: sec-fetch-site:  same-origin
2025:7:6 19:53:32.670 [DEBUG] Header Map: user-agent:  Mozilla/5.0 (X11; Linux x86_64) AppleWebKit/537.36 (KHTML, like Gecko) Chrome/138.0.0.0 Safari/537.36
2025:7:6 19:53:32.670 [DEBUG] Header Map: sec-ch-ua:  "Not)A;Brand";v="8", "Chromium";v="138", "Google Chrome";v="138"
2025:7:6 19:53:32.670 [DEBUG] Header Map: sec-ch-ua-mobile:  ?0
2025:7:6 19:53:32.670 [DEBUG] Header Map: accept-encoding:  gzip, deflate, br, zstd
2025:7:6 19:53:32.670 [DEBUG] Header Map: accept:  */*
2025:7:6 19:53:32.670 [DEBUG] Header Map: sec-fetch-mode:  cors
2025:7:6 19:53:32.670 [DEBUG] Header Map: sec-fetch-dest:  empty
2025:7:6 19:53:32.670 [DEBUG] Header Map: referer:  http://localhost:8080/
2025:7:6 19:53:32.670 [DEBUG] 
2025:7:6 19:53:33.669 [DEBUG] Header Map: accept-language:  en-US,en;q=0.9
2025:7:6 19:53:33.669 [DEBUG] Header Map: host:  localhost:8080
2025:7:6 19:53:33.669 [DEBUG] Header Map: connection:  keep-alive
2025:7:6 19:53:33.669 [DEBUG] Header Map: dnt:  1
2025:7:6 19:53:33.669 [DEBUG] Header Map: sec-ch-ua-platform:  "Linux"
2025:7:6 19:53:33.669 [DEBUG] Header Map: sec-fetch-site:  same-origin
2025:7:6 19:53:33.669 [DEBUG] Header Map: user-agent:  Mozilla/5.0 (X11; Linux x86_64) AppleWebKit/537.36 (KHTML, like Gecko) Chrome/138.0.0.0 Safari/537.36
2025:7:6 19:53:33.669 [DEBUG] Header Map: sec-ch-ua:  "Not)A;Brand";v="8", "Chromium";v="138", "Google Chrome";v="138"
2025:7:6 19:53:33.669 [DEBUG] Header Map: sec-ch-ua-mobile:  ?0
2025:7:6 19:53:33.669 [DEBUG] Header Map: accept-encoding:  gzip, deflate, br, zstd
2025:7:6 19:53:33.669 [DEBUG] Header Map: accept:  */*
2025:7:6 19:53:33.669 [DEBUG] Header Map: sec-fetch-mode:  cors
2025:7:6 19:53:33.669 [DEBUG] Header Map: sec-fetch-dest:  empty
2025:7:6 19:53:33.669 [DEBUG] Header Map: referer:  http://localhost:8080/
2025:7:6 19:53:33.669 [DEBUG] 
2025:7:6 19:53:34.669 [DEBUG] Header Map: accept-language:  en-US,en;q=0.9
2025:7:6 19:53:34.669 [DEBUG] Header Map: host:  localhost:8080
2025:7:6 19:53:34.669 [DEBUG] Header Map: connection:  keep-alive
2025:7:6 19:53:34.669 [DEBUG] Header Map: dnt:  1
2025:7:6 19:53:34.669 [DEBUG] Header Map: sec-ch-ua-platform:  "Linux"
2025:7:6 19:53:34.669 [DEBUG] Header Map: sec-fetch-site:  same-origin
2025:7:6 19:53:34.669 [DEBUG] Header Map: user-agent:  Mozilla/5.0 (X11; Linux x86_64) AppleWebKit/537.36 (KHTML, like Gecko) Chrome/138.0.0.0 Safari/537.36
2025:7:6 19:53:34.669 [DEBUG] Header Map: sec-ch-ua:  "Not)A;Brand";v="8", "Chromium";v="138", "Google Chrome";v="138"
2025:7:6 19:53:34.669 [DEBUG] Header Map: sec-ch-ua-mobile:  ?0
2025:7:6 19:53:34.669 [DEBUG] Header Map: accept-encoding:  gzip, deflate, br, zstd
2025:7:6 19:53:34.669 [DEBUG] Header Map: accept:  */*
2025:7:6 19:53:34.669 [DEBUG] Header Map: sec-fetch-mode:  cors
2025:7:6 19:53:34.669 [DEBUG] Header Map: sec-fetch-dest:  empty
2025:7:6 19:53:34.669 [DEBUG] Header Map: referer:  http://localhost:8080/
2025:7:6 19:53:34.669 [DEBUG] 
2025:7:6 19:53:34.986 [INFO] Program stop requested
2025:7:6 19:53:35.670 [INFO] Program Ended!
2025:7:6 19:53:35.670 [DEBUG] Header Map: accept-language:  en-US,en;q=0.9
2025:7:6 19:53:35.670 [DEBUG] Header Map: accept-language:  en-US,en;q=0.9
