2025:7:6 19:56:7.461 [INFO] Program Started!
2025:7:6 19:56:7.717 [DEBUG] Header Map: accept-language:  en-US,en;q=0.9
2025:7:6 19:56:7.717 [DEBUG] Header Map: host:  localhost:8080
2025:7:6 19:56:7.717 [DEBUG] Header Map: connection:  keep-alive
2025:7:6 19:56:7.717 [DEBUG] Header Map: dnt:  1
2025:7:6 19:56:7.717 [DEBUG] Header Map: sec-ch-ua-platform:  "Linux"
2025:7:6 19:56:7.717 [DEBUG] Header Map: sec-fetch-site:  same-origin
2025:7:6 19:56:7.717 [DEBUG] Header Map: user-agent:  Mozilla/5.0 (X11; Linux x86_64) AppleWebKit/537.36 (KHTML, like Gecko) Chrome/138.0.0.0 Safari/537.36
2025:7:6 19:56:7.717 [DEBUG] Header Map: sec-ch-ua:  "Not)A;Brand";v="8", "Chromium";v="138", "Google Chrome";v="138"
2025:7:6 19:56:7.717 [DEBUG] Header Map: sec-ch-ua-mobile:  ?0
2025:7:6 19:56:7.717 [DEBUG] Header Map: accept-encoding:  gzip, deflate, br, zstd
2025:7:6 19:56:7.717 [DEBUG] Header Map: accept:  */*
2025:7:6 19:56:7.717 [DEBUG] Header Map: sec-fetch-mode:  cors
2025:7:6 19:56:7.717 [DEBUG] Header Map: sec-fetch-dest:  empty
2025:7:6 19:56:7.717 [DEBUG] Header Map: referer:  http://localhost:8080/
2025:7:6 19:56:7.717 [DEBUG] 
2025:7:6 19:56:8.718 [DEBUG] Header Map: accept-language:  en-US,en;q=0.9
2025:7:6 19:56:8.718 [DEBUG] Header Map: host:  localhost:8080
2025:7:6 19:56:8.718 [DEBUG] Header Map: connection:  keep-alive
2025:7:6 19:56:8.718 [DEBUG] Header Map: dnt:  1
2025:7:6 19:56:8.718 [DEBUG] Header Map: sec-ch-ua-platform:  "Linux"
2025:7:6 19:56:8.718 [DEBUG] Header Map: sec-fetch-site:  same-origin
2025:7:6 19:56:8.718 [DEBUG] Header Map: user-agent:  Mozilla/5.0 (X11; Linux x86_64) AppleWebKit/537.36 (KHTML, like Gecko) Chrome/138.0.0.0 Safari/537.36
2025:7:6 19:56:8.718 [DEBUG] Header Map: sec-ch-ua:  "Not)A;Brand";v="8", "Chromium";v="138", "Google Chrome";v="138"
2025:7:6 19:56:8.718 [DEBUG] Header Map: sec-ch-ua-mobile:  ?0
2025:7:6 19:56:8.718 [DEBUG] Header Map: accept-encoding:  gzip, deflate, br, zstd
2025:7:6 19:56:8.718 [DEBUG] Header Map: accept:  */*
2025:7:6 19:56:8.718 [DEBUG] Header Map: sec-fetch-mode:  cors
2025:7:6 19:56:8.718 [DEBUG] Header Map: sec-fetch-dest:  empty
2025:7:6 19:56:8.718 [DEBUG] Header Map: referer:  http://localhost:8080/
2025:7:6 19:56:8.718 [DEBUG] 
2025:7:6 19:56:9.718 [DEBUG] Header Map: accept-language:  en-US,en;q=0.9
2025:7:6 19:56:9.718 [DEBUG] Header Map: host:  localhost:8080
2025:7:6 19:56:9.718 [DEBUG] Header Map: connection:  keep-alive
2025:7:6 19:56:9.718 [DEBUG] Header Map: dnt:  1
2025:7:6 19:56:9.718 [DEBUG] Header Map: sec-ch-ua-platform:  "Linux"
2025:7:6 19:56:9.718 [DEBUG] Header Map: sec-fetch-site:  same-origin
2025:7:6 19:56:9.718 [DEBUG] Header Map: user-agent:  Mozilla/5.0 (X11; Linux x86_64) AppleWebKit/537.36 (KHTML, like Gecko) Chrome/138.0.0.0 Safari/537.36
2025:7:6 19:56:9.718 [DEBUG] Header Map: sec-ch-ua:  "Not)A;Brand";v="8", "Chromium";v="138", "Google Chrome";v="138"
2025:7:6 19:56:9.718 [DEBUG] Header Map: sec-ch-ua-mobile:  ?0
2025:7:6 19:56:9.718 [DEBUG] Header Map: accept-encoding:  gzip, deflate, br, zstd
2025:7:6 19:56:9.718 [DEBUG] Header Map: accept:  */*
2025:7:6 19:56:9.718 [DEBUG] Header Map: sec-fetch-mode:  cors
2025:7:6 19:56:9.718 [DEBUG] Header Map: sec-fetch-dest:  empty
2025:7:6 19:56:9.718 [DEBUG] Header Map: referer:  http://localhost:8080/
2025:7:6 19:56:9.718 [DEBUG] 
2025:7:6 19:56:10.717 [DEBUG] Header Map: accept-language:  en-US,en;q=0.9
2025:7:6 19:56:10.718 [DEBUG] Header Map: host:  localhost:8080
2025:7:6 19:56:10.718 [DEBUG] Header Map: connection:  keep-alive
2025:7:6 19:56:10.718 [DEBUG] Header Map: dnt:  1
2025:7:6 19:56:10.718 [DEBUG] Header Map: sec-ch-ua-platform:  "Linux"
2025:7:6 19:56:10.718 [DEBUG] Header Map: sec-fetch-site:  same-origin
2025:7:6 19:56:10.718 [DEBUG] Header Map: user-agent:  Mozilla/5.0 (X11; Linux x86_64) AppleWebKit/537.36 (KHTML, like Gecko) Chrome/138.0.0.0 Safari/537.36
2025:7:6 19:56:10.718 [DEBUG] Header Map: sec-ch-ua:  "Not)A;Brand";v="8", "Chromium";v="138", "Google Chrome";v="138"
2025:7:6 19:56:10.718 [DEBUG] Header Map: sec-ch-ua-mobile:  ?0
2025:7:6 19:56:10.718 [DEBUG] Header Map: accept-encoding:  gzip, deflate, br, zstd
2025:7:6 19:56:10.718 [DEBUG] Header Map: accept:  */*
2025:7:6 19:56:10.718 [DEBUG] Header Map: sec-fetch-mode:  cors
2025:7:6 19:56:10.718 [DEBUG] Header Map: sec-fetch-dest:  empty
2025:7:6 19:56:10.718 [DEBUG] Header Map: referer:  http://localhost:8080/
2025:7:6 19:56:10.718 [DEBUG] 
2025:7:6 19:56:11.717 [DEBUG] Header Map: accept-language:  en-US,en;q=0.9
2025:7:6 19:56:11.717 [DEBUG] Header Map: host:  localhost:8080
2025:7:6 19:56:11.717 [DEBUG] Header Map: connection:  keep-alive
2025:7:6 19:56:11.717 [DEBUG] Header Map: dnt:  1
2025:7:6 19:56:11.717 [DEBUG] Header Map: sec-ch-ua-platform:  "Linux"
2025:7:6 19:56:11.717 [DEBUG] Header Map: sec-fetch-site:  same-origin
2025:7:6 19:56:11.717 [DEBUG] Header Map: user-agent:  Mozilla/5.0 (X11; Linux x86_64) AppleWebKit/537.36 (KHTML, like Gecko) Chrome/138.0.0.0 Safari/537.36
2025:7:6 19:56:11.717 [DEBUG] Header Map: sec-ch-ua:  "Not)A;Brand";v="8", "Chromium";v="138", "Google Chrome";v="138"
2025:7:6 19:56:11.717 [DEBUG] Header Map: sec-ch-ua-mobile:  ?0
2025:7:6 19:56:11.717 [DEBUG] Header Map: accept-encoding:  gzip, deflate, br, zstd
2025:7:6 19:56:11.718 [DEBUG] Header Map: accept:  */*
2025:7:6 19:56:11.718 [DEBUG] Header Map: sec-fetch-mode:  cors
2025:7:6 19:56:11.718 [DEBUG] Header Map: sec-fetch-dest:  empty
2025:7:6 19:56:11.718 [DEBUG] Header Map: referer:  http://localhost:8080/
2025:7:6 19:56:11.718 [DEBUG] 
2025:7:6 19:56:12.717 [DEBUG] Header Map: accept-language:  en-US,en;q=0.9
2025:7:6 19:56:12.717 [DEBUG] Header Map: host:  localhost:8080
2025:7:6 19:56:12.717 [DEBUG] Header Map: connection:  keep-alive
2025:7:6 19:56:12.717 [DEBUG] Header Map: dnt:  1
2025:7:6 19:56:12.717 [DEBUG] Header Map: sec-ch-ua-platform:  "Linux"
2025:7:6 19:56:12.717 [DEBUG] Header Map: sec-fetch-site:  same-origin
2025:7:6 19:56:12.718 [DEBUG] Header Map: user-agent:  Mozilla/5.0 (X11; Linux x86_64) AppleWebKit/537.36 (KHTML, like Gecko) Chrome/138.0.0.0 Safari/537.36
2025:7:6 19:56:12.718 [DEBUG] Header Map: sec-ch-ua:  "Not)A;Brand";v="8", "Chromium";v="138", "Google Chrome";v="138"
2025:7:6 19:56:12.718 [DEBUG] Header Map: sec-ch-ua-mobile:  ?0
2025:7:6 19:56:12.718 [DEBUG] Header Map: accept-encoding:  gzip, deflate, br, zstd
2025:7:6 19:56:12.718 [DEBUG] Header Map: accept:  */*
2025:7:6 19:56:12.718 [DEBUG] Header Map: sec-fetch-mode:  cors
2025:7:6 19:56:12.718 [DEBUG] Header Map: sec-fetch-dest:  empty
2025:7:6 19:56:12.718 [DEBUG] Header Map: referer:  http://localhost:8080/
2025:7:6 19:56:12.718 [DEBUG] 
2025:7:6 19:56:13.717 [DEBUG] Header Map: accept-language:  en-US,en;q=0.9
2025:7:6 19:56:13.717 [DEBUG] Header Map: host:  localhost:8080
2025:7:6 19:56:13.717 [DEBUG] Header Map: connection:  keep-alive
2025:7:6 19:56:13.717 [DEBUG] Header Map: dnt:  1
2025:7:6 19:56:13.717 [DEBUG] Header Map: sec-ch-ua-platform:  "Linux"
2025:7:6 19:56:13.717 [DEBUG] Header Map: sec-fetch-site:  same-origin
2025:7:6 19:56:13.717 [DEBUG] Header Map: user-agent:  Mozilla/5.0 (X11; Linux x86_64) AppleWebKit/537.36 (KHTML, like Gecko) Chrome/138.0.0.0 Safari/537.36
2025:7:6 19:56:13.718 [DEBUG] Header Map: sec-ch-ua:  "Not)A;Brand";v="8", "Chromium";v="138", "Google Chrome";v="138"
2025:7:6 19:56:13.718 [DEBUG] Header Map: sec-ch-ua-mobile:  ?0
2025:7:6 19:56:13.718 [DEBUG] Header Map: accept-encoding:  gzip, deflate, br, zstd
2025:7:6 19:56:13.718 [DEBUG] Header Map: accept:  */*
2025:7:6 19:56:13.718 [DEBUG] Header Map: sec-fetch-mode:  cors
2025:7:6 19:56:13.718 [DEBUG] Header Map: sec-fetch-dest:  empty
2025:7:6 19:56:13.718 [DEBUG] Header Map: referer:  http://localhost:8080/
2025:7:6 19:56:13.718 [DEBUG] 
2025:7:6 19:56:14.717 [DEBUG] Header Map: accept-language:  en-US,en;q=0.9
2025:7:6 19:56:14.717 [DEBUG] Header Map: host:  localhost:8080
2025:7:6 19:56:14.717 [DEBUG] Header Map: connection:  keep-alive
2025:7:6 19:56:14.717 [DEBUG] Header Map: dnt:  1
2025:7:6 19:56:14.717 [DEBUG] Header Map: sec-ch-ua-platform:  "Linux"
2025:7:6 19:56:14.717 [DEBUG] Header Map: sec-fetch-site:  same-origin
2025:7:6 19:56:14.717 [DEBUG] Header Map: user-agent:  Mozilla/5.0 (X11; Linux x86_64) AppleWebKit/537.36 (KHTML, like Gecko) Chrome/138.0.0.0 Safari/537.36
2025:7:6 19:56:14.717 [DEBUG] Header Map: sec-ch-ua:  "Not)A;Brand";v="8", "Chromium";v="138", "Google Chrome";v="138"
2025:7:6 19:56:14.718 [DEBUG] Header Map: sec-ch-ua-mobile:  ?0
2025:7:6 19:56:14.718 [DEBUG] Header Map: accept-encoding:  gzip, deflate, br, zstd
2025:7:6 19:56:14.718 [DEBUG] Header Map: accept:  */*
2025:7:6 19:56:14.718 [DEBUG] Header Map: sec-fetch-mode:  cors
2025:7:6 19:56:14.718 [DEBUG] Header Map: sec-fetch-dest:  empty
2025:7:6 19:56:14.718 [DEBUG] Header Map: referer:  http://localhost:8080/
2025:7:6 19:56:14.718 [DEBUG] 
2025:7:6 19:56:15.717 [DEBUG] Header Map: accept-language:  en-US,en;q=0.9
2025:7:6 19:56:15.717 [DEBUG] Header Map: host:  localhost:8080
2025:7:6 19:56:15.717 [DEBUG] Header Map: connection:  keep-alive
2025:7:6 19:56:15.717 [DEBUG] Header Map: dnt:  1
2025:7:6 19:56:15.717 [DEBUG] Header Map: sec-ch-ua-platform:  "Linux"
2025:7:6 19:56:15.717 [DEBUG] Header Map: sec-fetch-site:  same-origin
2025:7:6 19:56:15.718 [DEBUG] Header Map: user-agent:  Mozilla/5.0 (X11; Linux x86_64) AppleWebKit/537.36 (KHTML, like Gecko) Chrome/138.0.0.0 Safari/537.36
2025:7:6 19:56:15.718 [DEBUG] Header Map: sec-ch-ua:  "Not)A;Brand";v="8", "Chromium";v="138", "Google Chrome";v="138"
2025:7:6 19:56:15.718 [DEBUG] Header Map: sec-ch-ua-mobile:  ?0
2025:7:6 19:56:15.718 [DEBUG] Header Map: accept-encoding:  gzip, deflate, br, zstd
2025:7:6 19:56:15.718 [DEBUG] Header Map: accept:  */*
2025:7:6 19:56:15.718 [DEBUG] Header Map: sec-fetch-mode:  cors
2025:7:6 19:56:15.718 [DEBUG] Header Map: sec-fetch-dest:  empty
2025:7:6 19:56:15.718 [DEBUG] Header Map: referer:  http://localhost:8080/
2025:7:6 19:56:15.718 [DEBUG] 
2025:7:6 19:56:16.718 [DEBUG] Header Map: accept-language:  en-US,en;q=0.9
2025:7:6 19:56:16.718 [DEBUG] Header Map: host:  localhost:8080
2025:7:6 19:56:16.718 [DEBUG] Header Map: connection:  keep-alive
2025:7:6 19:56:16.718 [DEBUG] Header Map: dnt:  1
2025:7:6 19:56:16.718 [DEBUG] Header Map: sec-ch-ua-platform:  "Linux"
2025:7:6 19:56:16.718 [DEBUG] Header Map: sec-fetch-site:  same-origin
2025:7:6 19:56:16.718 [DEBUG] Header Map: user-agent:  Mozilla/5.0 (X11; Linux x86_64) AppleWebKit/537.36 (KHTML, like Gecko) Chrome/138.0.0.0 Safari/537.36
2025:7:6 19:56:16.718 [DEBUG] Header Map: sec-ch-ua:  "Not)A;Brand";v="8", "Chromium";v="138", "Google Chrome";v="138"
2025:7:6 19:56:16.718 [DEBUG] Header Map: sec-ch-ua-mobile:  ?0
2025:7:6 19:56:16.718 [DEBUG] Header Map: accept-encoding:  gzip, deflate, br, zstd
2025:7:6 19:56:16.718 [DEBUG] Header Map: accept:  */*
2025:7:6 19:56:16.718 [DEBUG] Header Map: sec-fetch-mode:  cors
2025:7:6 19:56:16.718 [DEBUG] Header Map: sec-fetch-dest:  empty
2025:7:6 19:56:16.718 [DEBUG] Header Map: referer:  http://localhost:8080/
2025:7:6 19:56:16.718 [DEBUG] 
2025:7:6 19:56:17.718 [DEBUG] Header Map: accept-language:  en-US,en;q=0.9
2025:7:6 19:56:17.718 [DEBUG] Header Map: host:  localhost:8080
2025:7:6 19:56:17.718 [DEBUG] Header Map: connection:  keep-alive
2025:7:6 19:56:17.718 [DEBUG] Header Map: dnt:  1
2025:7:6 19:56:17.718 [DEBUG] Header Map: sec-ch-ua-platform:  "Linux"
2025:7:6 19:56:17.718 [DEBUG] Header Map: sec-fetch-site:  same-origin
2025:7:6 19:56:17.718 [DEBUG] Header Map: user-agent:  Mozilla/5.0 (X11; Linux x86_64) AppleWebKit/537.36 (KHTML, like Gecko) Chrome/138.0.0.0 Safari/537.36
2025:7:6 19:56:17.718 [DEBUG] Header Map: sec-ch-ua:  "Not)A;Brand";v="8", "Chromium";v="138", "Google Chrome";v="138"
2025:7:6 19:56:17.718 [DEBUG] Header Map: sec-ch-ua-mobile:  ?0
2025:7:6 19:56:17.718 [DEBUG] Header Map: accept-encoding:  gzip, deflate, br, zstd
2025:7:6 19:56:17.718 [DEBUG] Header Map: accept:  */*
2025:7:6 19:56:17.718 [DEBUG] Header Map: sec-fetch-mode:  cors
2025:7:6 19:56:17.718 [DEBUG] Header Map: sec-fetch-dest:  empty
2025:7:6 19:56:17.718 [DEBUG] Header Map: referer:  http://localhost:8080/
2025:7:6 19:56:17.718 [DEBUG] 
