2025:7:6 19:55:0.559 [INFO] Program Started!
2025:7:6 19:55:0.886 [DEBUG] Header Map: accept-language:  en-US,en;q=0.9
2025:7:6 19:55:0.886 [DEBUG] Header Map: host:  localhost:8080
2025:7:6 19:55:0.886 [DEBUG] Header Map: connection:  keep-alive
2025:7:6 19:55:0.886 [DEBUG] Header Map: dnt:  1
2025:7:6 19:55:0.886 [DEBUG] Header Map: sec-ch-ua-platform:  "Linux"
2025:7:6 19:55:0.886 [DEBUG] Header Map: sec-fetch-site:  same-origin
2025:7:6 19:55:0.886 [DEBUG] Header Map: user-agent:  Mozilla/5.0 (X11; Linux x86_64) AppleWebKit/537.36 (KHTML, like Gecko) Chrome/138.0.0.0 Safari/537.36
2025:7:6 19:55:0.886 [DEBUG] Header Map: sec-ch-ua:  "Not)A;Brand";v="8", "Chromium";v="138", "Google Chrome";v="138"
2025:7:6 19:55:0.886 [DEBUG] Header Map: sec-ch-ua-mobile:  ?0
2025:7:6 19:55:0.886 [DEBUG] Header Map: accept-encoding:  gzip, deflate, br, zstd
2025:7:6 19:55:0.886 [DEBUG] Header Map: accept:  */*
2025:7:6 19:55:0.886 [DEBUG] Header Map: sec-fetch-mode:  cors
2025:7:6 19:55:0.886 [DEBUG] Header Map: sec-fetch-dest:  empty
2025:7:6 19:55:0.886 [DEBUG] Header Map: referer:  http://localhost:8080/
2025:7:6 19:55:0.886 [DEBUG] 
2025:7:6 19:55:1.717 [DEBUG] Header Map: accept-language:  en-US,en;q=0.9
2025:7:6 19:55:1.717 [DEBUG] Header Map: host:  localhost:8080
2025:7:6 19:55:1.717 [DEBUG] Header Map: connection:  keep-alive
2025:7:6 19:55:1.717 [DEBUG] Header Map: dnt:  1
2025:7:6 19:55:1.717 [DEBUG] Header Map: sec-ch-ua-platform:  "Linux"
2025:7:6 19:55:1.717 [DEBUG] Header Map: sec-fetch-site:  same-origin
2025:7:6 19:55:1.717 [DEBUG] Header Map: user-agent:  Mozilla/5.0 (X11; Linux x86_64) AppleWebKit/537.36 (KHTML, like Gecko) Chrome/138.0.0.0 Safari/537.36
2025:7:6 19:55:1.717 [DEBUG] Header Map: sec-ch-ua:  "Not)A;Brand";v="8", "Chromium";v="138", "Google Chrome";v="138"
2025:7:6 19:55:1.717 [DEBUG] Header Map: sec-ch-ua-mobile:  ?0
2025:7:6 19:55:1.717 [DEBUG] Header Map: accept-encoding:  gzip, deflate, br, zstd
2025:7:6 19:55:1.717 [DEBUG] Header Map: accept:  */*
2025:7:6 19:55:1.717 [DEBUG] Header Map: sec-fetch-mode:  cors
2025:7:6 19:55:1.717 [DEBUG] Header Map: sec-fetch-dest:  empty
2025:7:6 19:55:1.717 [DEBUG] Header Map: referer:  http://localhost:8080/
2025:7:6 19:55:1.717 [DEBUG] 
2025:7:6 19:55:2.669 [DEBUG] Header Map: accept-language:  en-US,en;q=0.9
2025:7:6 19:55:2.669 [DEBUG] Header Map: host:  localhost:8080
2025:7:6 19:55:2.669 [DEBUG] Header Map: connection:  keep-alive
2025:7:6 19:55:2.669 [DEBUG] Header Map: dnt:  1
2025:7:6 19:55:2.670 [DEBUG] Header Map: sec-ch-ua-platform:  "Linux"
2025:7:6 19:55:2.670 [DEBUG] Header Map: sec-fetch-site:  same-origin
2025:7:6 19:55:2.670 [DEBUG] Header Map: user-agent:  Mozilla/5.0 (X11; Linux x86_64) AppleWebKit/537.36 (KHTML, like Gecko) Chrome/138.0.0.0 Safari/537.36
2025:7:6 19:55:2.670 [DEBUG] Header Map: sec-ch-ua:  "Not)A;Brand";v="8", "Chromium";v="138", "Google Chrome";v="138"
2025:7:6 19:55:2.670 [DEBUG] Header Map: sec-ch-ua-mobile:  ?0
2025:7:6 19:55:2.670 [DEBUG] Header Map: accept-encoding:  gzip, deflate, br, zstd
2025:7:6 19:55:2.670 [DEBUG] Header Map: accept:  */*
2025:7:6 19:55:2.670 [DEBUG] Header Map: sec-fetch-mode:  cors
2025:7:6 19:55:2.670 [DEBUG] Header Map: sec-fetch-dest:  empty
2025:7:6 19:55:2.670 [DEBUG] Header Map: referer:  http://localhost:8080/
2025:7:6 19:55:2.670 [DEBUG] 
2025:7:6 19:55:3.12 [DEBUG] Header Map: accept-encoding:  gzip, deflate, br, zstd
2025:7:6 19:55:3.12 [DEBUG] Header Map: sec-fetch-dest:  document
2025:7:6 19:55:3.12 [DEBUG] Header Map: accept-language:  en-US,en;q=0.9
2025:7:6 19:55:3.12 [DEBUG] Header Map: host:  localhost:8080
2025:7:6 19:55:3.12 [DEBUG] Header Map: connection:  keep-alive
2025:7:6 19:55:3.12 [DEBUG] Header Map: dnt:  1
2025:7:6 19:55:3.12 [DEBUG] Header Map: cache-control:  max-age=0
2025:7:6 19:55:3.12 [DEBUG] Header Map: sec-ch-ua:  "Not)A;Brand";v="8", "Chromium";v="138", "Google Chrome";v="138"
2025:7:6 19:55:3.12 [DEBUG] Header Map: sec-ch-ua-mobile:  ?0
2025:7:6 19:55:3.12 [DEBUG] Header Map: sec-ch-ua-platform:  "Linux"
2025:7:6 19:55:3.13 [DEBUG] Header Map: sec-fetch-site:  none
2025:7:6 19:55:3.13 [DEBUG] Header Map: upgrade-insecure-requests:  1
2025:7:6 19:55:3.13 [DEBUG] Header Map: user-agent:  Mozilla/5.0 (X11; Linux x86_64) AppleWebKit/537.36 (KHTML, like Gecko) Chrome/138.0.0.0 Safari/537.36
2025:7:6 19:55:3.13 [DEBUG] Header Map: accept:  text/html,application/xhtml+xml,application/xml;q=0.9,image/avif,image/webp,image/apng,*/*;q=0.8,application/signed-exchange;v=b3;q=0.7
2025:7:6 19:55:3.13 [DEBUG] Header Map: sec-fetch-mode:  navigate
2025:7:6 19:55:3.13 [DEBUG] Header Map: sec-fetch-user:  ?1
2025:7:6 19:55:3.13 [DEBUG] 
2025:7:6 19:55:3.21 [DEBUG] Header Map: accept-language:  en-US,en;q=0.9
2025:7:6 19:55:3.22 [DEBUG] Header Map: host:  localhost:8080
2025:7:6 19:55:3.22 [DEBUG] Header Map: connection:  keep-alive
2025:7:6 19:55:3.22 [DEBUG] Header Map: dnt:  1
2025:7:6 19:55:3.22 [DEBUG] Header Map: sec-ch-ua-platform:  "Linux"
2025:7:6 19:55:3.22 [DEBUG] Header Map: sec-fetch-site:  same-origin
2025:7:6 19:55:3.22 [DEBUG] Header Map: user-agent:  Mozilla/5.0 (X11; Linux x86_64) AppleWebKit/537.36 (KHTML, like Gecko) Chrome/138.0.0.0 Safari/537.36
2025:7:6 19:55:3.22 [DEBUG] Header Map: sec-ch-ua:  "Not)A;Brand";v="8", "Chromium";v="138", "Google Chrome";v="138"
2025:7:6 19:55:3.22 [DEBUG] Header Map: sec-ch-ua-mobile:  ?0
2025:7:6 19:55:3.22 [DEBUG] Header Map: accept-encoding:  gzip, deflate, br, zstd
2025:7:6 19:55:3.22 [DEBUG] Header Map: accept:  image/avif,image/webp,image/apng,image/svg+xml,image/*,*/*;q=0.8
2025:7:6 19:55:3.22 [DEBUG] Header Map: sec-fetch-mode:  no-cors
2025:7:6 19:55:3.22 [DEBUG] Header Map: sec-fetch-dest:  image
2025:7:6 19:55:3.22 [DEBUG] Header Map: referer:  http://localhost:8080/
2025:7:6 19:55:3.22 [DEBUG] 
2025:7:6 19:55:4.21 [DEBUG] Header Map: accept-language:  en-US,en;q=0.9
2025:7:6 19:55:4.21 [DEBUG] Header Map: host:  localhost:8080
2025:7:6 19:55:4.21 [DEBUG] Header Map: connection:  keep-alive
2025:7:6 19:55:4.21 [DEBUG] Header Map: dnt:  1
2025:7:6 19:55:4.21 [DEBUG] Header Map: sec-ch-ua-platform:  "Linux"
2025:7:6 19:55:4.21 [DEBUG] Header Map: sec-fetch-site:  same-origin
2025:7:6 19:55:4.22 [DEBUG] Header Map: user-agent:  Mozilla/5.0 (X11; Linux x86_64) AppleWebKit/537.36 (KHTML, like Gecko) Chrome/138.0.0.0 Safari/537.36
2025:7:6 19:55:4.22 [DEBUG] Header Map: sec-ch-ua:  "Not)A;Brand";v="8", "Chromium";v="138", "Google Chrome";v="138"
2025:7:6 19:55:4.22 [DEBUG] Header Map: sec-ch-ua-mobile:  ?0
2025:7:6 19:55:4.22 [DEBUG] Header Map: accept-encoding:  gzip, deflate, br, zstd
2025:7:6 19:55:4.22 [DEBUG] Header Map: accept:  */*
2025:7:6 19:55:4.22 [DEBUG] Header Map: sec-fetch-mode:  cors
2025:7:6 19:55:4.22 [DEBUG] Header Map: sec-fetch-dest:  empty
2025:7:6 19:55:4.22 [DEBUG] Header Map: referer:  http://localhost:8080/
2025:7:6 19:55:4.22 [DEBUG] 
2025:7:6 19:55:5.22 [DEBUG] Header Map: accept-language:  en-US,en;q=0.9
2025:7:6 19:55:5.22 [DEBUG] Header Map: host:  localhost:8080
2025:7:6 19:55:5.22 [DEBUG] Header Map: connection:  keep-alive
2025:7:6 19:55:5.22 [DEBUG] Header Map: dnt:  1
2025:7:6 19:55:5.22 [DEBUG] Header Map: sec-ch-ua-platform:  "Linux"
2025:7:6 19:55:5.22 [DEBUG] Header Map: sec-fetch-site:  same-origin
2025:7:6 19:55:5.22 [DEBUG] Header Map: user-agent:  Mozilla/5.0 (X11; Linux x86_64) AppleWebKit/537.36 (KHTML, like Gecko) Chrome/138.0.0.0 Safari/537.36
2025:7:6 19:55:5.22 [DEBUG] Header Map: sec-ch-ua:  "Not)A;Brand";v="8", "Chromium";v="138", "Google Chrome";v="138"
2025:7:6 19:55:5.22 [DEBUG] Header Map: sec-ch-ua-mobile:  ?0
2025:7:6 19:55:5.22 [DEBUG] Header Map: accept-encoding:  gzip, deflate, br, zstd
2025:7:6 19:55:5.22 [DEBUG] Header Map: accept:  */*
2025:7:6 19:55:5.22 [DEBUG] Header Map: sec-fetch-mode:  cors
2025:7:6 19:55:5.22 [DEBUG] Header Map: sec-fetch-dest:  empty
2025:7:6 19:55:5.22 [DEBUG] Header Map: referer:  http://localhost:8080/
2025:7:6 19:55:5.22 [DEBUG] 
2025:7:6 19:55:6.21 [DEBUG] Header Map: accept-language:  en-US,en;q=0.9
2025:7:6 19:55:6.22 [DEBUG] Header Map: host:  localhost:8080
2025:7:6 19:55:6.22 [DEBUG] Header Map: connection:  keep-alive
2025:7:6 19:55:6.22 [DEBUG] Header Map: dnt:  1
2025:7:6 19:55:6.22 [DEBUG] Header Map: sec-ch-ua-platform:  "Linux"
2025:7:6 19:55:6.22 [DEBUG] Header Map: sec-fetch-site:  same-origin
2025:7:6 19:55:6.22 [DEBUG] Header Map: user-agent:  Mozilla/5.0 (X11; Linux x86_64) AppleWebKit/537.36 (KHTML, like Gecko) Chrome/138.0.0.0 Safari/537.36
2025:7:6 19:55:6.22 [DEBUG] Header Map: sec-ch-ua:  "Not)A;Brand";v="8", "Chromium";v="138", "Google Chrome";v="138"
2025:7:6 19:55:6.22 [DEBUG] Header Map: sec-ch-ua-mobile:  ?0
2025:7:6 19:55:6.22 [DEBUG] Header Map: accept-encoding:  gzip, deflate, br, zstd
2025:7:6 19:55:6.22 [DEBUG] Header Map: accept:  */*
2025:7:6 19:55:6.22 [DEBUG] Header Map: sec-fetch-mode:  cors
2025:7:6 19:55:6.22 [DEBUG] Header Map: sec-fetch-dest:  empty
2025:7:6 19:55:6.22 [DEBUG] Header Map: referer:  http://localhost:8080/
2025:7:6 19:55:6.22 [DEBUG] 
2025:7:6 19:55:6.93 [DEBUG] Header Map: accept-encoding:  gzip, deflate, br, zstd
2025:7:6 19:55:6.93 [DEBUG] Header Map: referer:  http://localhost:8080/
2025:7:6 19:55:6.93 [DEBUG] Header Map: accept-language:  en-US,en;q=0.9
2025:7:6 19:55:6.93 [DEBUG] Header Map: host:  localhost:8080
2025:7:6 19:55:6.93 [DEBUG] Header Map: connection:  keep-alive
2025:7:6 19:55:6.93 [DEBUG] Header Map: content-length:  20105
2025:7:6 19:55:6.93 [DEBUG] Header Map: sec-fetch-mode:  cors
2025:7:6 19:55:6.94 [DEBUG] Header Map: sec-ch-ua-platform:  "Linux"
2025:7:6 19:55:6.94 [DEBUG] Header Map: sec-fetch-site:  same-origin
2025:7:6 19:55:6.94 [DEBUG] Header Map: user-agent:  Mozilla/5.0 (X11; Linux x86_64) AppleWebKit/537.36 (KHTML, like Gecko) Chrome/138.0.0.0 Safari/537.36
2025:7:6 19:55:6.94 [DEBUG] Header Map: sec-ch-ua:  "Not)A;Brand";v="8", "Chromium";v="138", "Google Chrome";v="138"
2025:7:6 19:55:6.94 [DEBUG] Header Map: sec-fetch-dest:  empty
2025:7:6 19:55:6.94 [DEBUG] Header Map: content-type:  multipart/form-data; boundary=----WebKitFormBoundaryk5YIvAg5rzfeGWRo
2025:7:6 19:55:6.94 [DEBUG] Header Map: sec-ch-ua-mobile:  ?0
2025:7:6 19:55:6.94 [DEBUG] Header Map: accept:  */*
2025:7:6 19:55:6.94 [DEBUG] Header Map: dnt:  1
2025:7:6 19:55:6.94 [DEBUG] Header Map: origin:  http://localhost:8080
2025:7:6 19:55:6.94 [DEBUG] 
2025:7:6 19:55:6.94 [INFO] Image Downloaded
2025:7:6 19:55:7.21 [DEBUG] Header Map: accept-language:  en-US,en;q=0.9
2025:7:6 19:55:7.21 [DEBUG] Header Map: host:  localhost:8080
2025:7:6 19:55:7.21 [DEBUG] Header Map: connection:  keep-alive
2025:7:6 19:55:7.21 [DEBUG] Header Map: dnt:  1
2025:7:6 19:55:7.21 [DEBUG] Header Map: sec-ch-ua-platform:  "Linux"
2025:7:6 19:55:7.21 [DEBUG] Header Map: sec-fetch-site:  same-origin
2025:7:6 19:55:7.21 [DEBUG] Header Map: user-agent:  Mozilla/5.0 (X11; Linux x86_64) AppleWebKit/537.36 (KHTML, like Gecko) Chrome/138.0.0.0 Safari/537.36
2025:7:6 19:55:7.21 [DEBUG] Header Map: sec-ch-ua:  "Not)A;Brand";v="8", "Chromium";v="138", "Google Chrome";v="138"
2025:7:6 19:55:7.21 [DEBUG] Header Map: sec-ch-ua-mobile:  ?0
2025:7:6 19:55:7.21 [DEBUG] Header Map: accept-encoding:  gzip, deflate, br, zstd
2025:7:6 19:55:7.21 [DEBUG] Header Map: accept:  */*
2025:7:6 19:55:7.21 [DEBUG] Header Map: sec-fetch-mode:  cors
2025:7:6 19:55:7.21 [DEBUG] Header Map: sec-fetch-dest:  empty
2025:7:6 19:55:7.22 [DEBUG] Header Map: referer:  http://localhost:8080/
2025:7:6 19:55:7.22 [DEBUG] 
2025:7:6 19:55:8.22 [DEBUG] Header Map: accept-language:  en-US,en;q=0.9
2025:7:6 19:55:8.22 [DEBUG] Header Map: host:  localhost:8080
2025:7:6 19:55:8.22 [DEBUG] Header Map: connection:  keep-alive
2025:7:6 19:55:8.22 [DEBUG] Header Map: dnt:  1
2025:7:6 19:55:8.22 [DEBUG] Header Map: sec-ch-ua-platform:  "Linux"
2025:7:6 19:55:8.22 [DEBUG] Header Map: sec-fetch-site:  same-origin
2025:7:6 19:55:8.22 [DEBUG] Header Map: user-agent:  Mozilla/5.0 (X11; Linux x86_64) AppleWebKit/537.36 (KHTML, like Gecko) Chrome/138.0.0.0 Safari/537.36
2025:7:6 19:55:8.22 [DEBUG] Header Map: sec-ch-ua:  "Not)A;Brand";v="8", "Chromium";v="138", "Google Chrome";v="138"
2025:7:6 19:55:8.22 [DEBUG] Header Map: sec-ch-ua-mobile:  ?0
2025:7:6 19:55:8.22 [DEBUG] Header Map: accept-encoding:  gzip, deflate, br, zstd
2025:7:6 19:55:8.22 [DEBUG] Header Map: accept:  */*
2025:7:6 19:55:8.22 [DEBUG] Header Map: sec-fetch-mode:  cors
2025:7:6 19:55:8.22 [DEBUG] Header Map: sec-fetch-dest:  empty
2025:7:6 19:55:8.22 [DEBUG] Header Map: referer:  http://localhost:8080/
2025:7:6 19:55:8.22 [DEBUG] 
2025:7:6 19:55:9.22 [DEBUG] Header Map: accept-language:  en-US,en;q=0.9
2025:7:6 19:55:9.22 [DEBUG] Header Map: host:  localhost:8080
2025:7:6 19:55:9.22 [DEBUG] Header Map: connection:  keep-alive
2025:7:6 19:55:9.22 [DEBUG] Header Map: dnt:  1
2025:7:6 19:55:9.22 [DEBUG] Header Map: sec-ch-ua-platform:  "Linux"
2025:7:6 19:55:9.22 [DEBUG] Header Map: sec-fetch-site:  same-origin
2025:7:6 19:55:9.22 [DEBUG] Header Map: user-agent:  Mozilla/5.0 (X11; Linux x86_64) AppleWebKit/537.36 (KHTML, like Gecko) Chrome/138.0.0.0 Safari/537.36
2025:7:6 19:55:9.22 [DEBUG] Header Map: sec-ch-ua:  "Not)A;Brand";v="8", "Chromium";v="138", "Google Chrome";v="138"
2025:7:6 19:55:9.22 [DEBUG] Header Map: sec-ch-ua-mobile:  ?0
2025:7:6 19:55:9.22 [DEBUG] Header Map: accept-encoding:  gzip, deflate, br, zstd
2025:7:6 19:55:9.22 [DEBUG] Header Map: accept:  */*
2025:7:6 19:55:9.22 [DEBUG] Header Map: sec-fetch-mode:  cors
2025:7:6 19:55:9.22 [DEBUG] Header Map: sec-fetch-dest:  empty
2025:7:6 19:55:9.22 [DEBUG] Header Map: referer:  http://localhost:8080/
2025:7:6 19:55:9.22 [DEBUG] 
2025:7:6 19:55:10.22 [DEBUG] Header Map: accept-language:  en-US,en;q=0.9
2025:7:6 19:55:10.22 [DEBUG] Header Map: host:  localhost:8080
2025:7:6 19:55:10.22 [DEBUG] Header Map: connection:  keep-alive
2025:7:6 19:55:10.22 [DEBUG] Header Map: dnt:  1
2025:7:6 19:55:10.22 [DEBUG] Header Map: sec-ch-ua-platform:  "Linux"
2025:7:6 19:55:10.22 [DEBUG] Header Map: sec-fetch-site:  same-origin
2025:7:6 19:55:10.22 [DEBUG] Header Map: user-agent:  Mozilla/5.0 (X11; Linux x86_64) AppleWebKit/537.36 (KHTML, like Gecko) Chrome/138.0.0.0 Safari/537.36
2025:7:6 19:55:10.22 [DEBUG] Header Map: sec-ch-ua:  "Not)A;Brand";v="8", "Chromium";v="138", "Google Chrome";v="138"
2025:7:6 19:55:10.22 [DEBUG] Header Map: sec-ch-ua-mobile:  ?0
2025:7:6 19:55:10.22 [DEBUG] Header Map: accept-encoding:  gzip, deflate, br, zstd
2025:7:6 19:55:10.22 [DEBUG] Header Map: accept:  */*
2025:7:6 19:55:10.22 [DEBUG] Header Map: sec-fetch-mode:  cors
2025:7:6 19:55:10.22 [DEBUG] Header Map: sec-fetch-dest:  empty
2025:7:6 19:55:10.22 [DEBUG] Header Map: referer:  http://localhost:8080/
2025:7:6 19:55:10.22 [DEBUG] 
2025:7:6 19:55:11.22 [DEBUG] Header Map: accept-language:  en-US,en;q=0.9
2025:7:6 19:55:11.22 [DEBUG] Header Map: host:  localhost:8080
2025:7:6 19:55:11.22 [DEBUG] Header Map: connection:  keep-alive
2025:7:6 19:55:11.22 [DEBUG] Header Map: dnt:  1
2025:7:6 19:55:11.22 [DEBUG] Header Map: sec-ch-ua-platform:  "Linux"
2025:7:6 19:55:11.22 [DEBUG] Header Map: sec-fetch-site:  same-origin
2025:7:6 19:55:11.22 [DEBUG] Header Map: user-agent:  Mozilla/5.0 (X11; Linux x86_64) AppleWebKit/537.36 (KHTML, like Gecko) Chrome/138.0.0.0 Safari/537.36
2025:7:6 19:55:11.22 [DEBUG] Header Map: sec-ch-ua:  "Not)A;Brand";v="8", "Chromium";v="138", "Google Chrome";v="138"
2025:7:6 19:55:11.22 [DEBUG] Header Map: sec-ch-ua-mobile:  ?0
2025:7:6 19:55:11.22 [DEBUG] Header Map: accept-encoding:  gzip, deflate, br, zstd
2025:7:6 19:55:11.22 [DEBUG] Header Map: accept:  */*
2025:7:6 19:55:11.22 [DEBUG] Header Map: sec-fetch-mode:  cors
2025:7:6 19:55:11.22 [DEBUG] Header Map: sec-fetch-dest:  empty
2025:7:6 19:55:11.22 [DEBUG] Header Map: referer:  http://localhost:8080/
2025:7:6 19:55:11.22 [DEBUG] 
2025:7:6 19:55:12.22 [DEBUG] Header Map: accept-language:  en-US,en;q=0.9
2025:7:6 19:55:12.22 [DEBUG] Header Map: host:  localhost:8080
2025:7:6 19:55:12.22 [DEBUG] Header Map: connection:  keep-alive
2025:7:6 19:55:12.22 [DEBUG] Header Map: dnt:  1
2025:7:6 19:55:12.22 [DEBUG] Header Map: sec-ch-ua-platform:  "Linux"
2025:7:6 19:55:12.22 [DEBUG] Header Map: sec-fetch-site:  same-origin
2025:7:6 19:55:12.22 [DEBUG] Header Map: user-agent:  Mozilla/5.0 (X11; Linux x86_64) AppleWebKit/537.36 (KHTML, like Gecko) Chrome/138.0.0.0 Safari/537.36
2025:7:6 19:55:12.22 [DEBUG] Header Map: sec-ch-ua:  "Not)A;Brand";v="8", "Chromium";v="138", "Google Chrome";v="138"
2025:7:6 19:55:12.22 [DEBUG] Header Map: sec-ch-ua-mobile:  ?0
2025:7:6 19:55:12.22 [DEBUG] Header Map: accept-encoding:  gzip, deflate, br, zstd
2025:7:6 19:55:12.22 [DEBUG] Header Map: accept:  */*
2025:7:6 19:55:12.22 [DEBUG] Header Map: sec-fetch-mode:  cors
2025:7:6 19:55:12.22 [DEBUG] Header Map: sec-fetch-dest:  empty
2025:7:6 19:55:12.22 [DEBUG] Header Map: referer:  http://localhost:8080/
2025:7:6 19:55:12.22 [DEBUG] 
2025:7:6 19:55:13.22 [DEBUG] Header Map: accept-language:  en-US,en;q=0.9
2025:7:6 19:55:13.22 [DEBUG] Header Map: host:  localhost:8080
2025:7:6 19:55:13.22 [DEBUG] Header Map: connection:  keep-alive
2025:7:6 19:55:13.22 [DEBUG] Header Map: dnt:  1
2025:7:6 19:55:13.22 [DEBUG] Header Map: sec-ch-ua-platform:  "Linux"
2025:7:6 19:55:13.22 [DEBUG] Header Map: sec-fetch-site:  same-origin
2025:7:6 19:55:13.22 [DEBUG] Header Map: user-agent:  Mozilla/5.0 (X11; Linux x86_64) AppleWebKit/537.36 (KHTML, like Gecko) Chrome/138.0.0.0 Safari/537.36
2025:7:6 19:55:13.22 [DEBUG] Header Map: sec-ch-ua:  "Not)A;Brand";v="8", "Chromium";v="138", "Google Chrome";v="138"
2025:7:6 19:55:13.22 [DEBUG] Header Map: sec-ch-ua-mobile:  ?0
2025:7:6 19:55:13.22 [DEBUG] Header Map: accept-encoding:  gzip, deflate, br, zstd
2025:7:6 19:55:13.22 [DEBUG] Header Map: accept:  */*
2025:7:6 19:55:13.22 [DEBUG] Header Map: sec-fetch-mode:  cors
2025:7:6 19:55:13.22 [DEBUG] Header Map: sec-fetch-dest:  empty
2025:7:6 19:55:13.22 [DEBUG] Header Map: referer:  http://localhost:8080/
2025:7:6 19:55:13.22 [DEBUG] 
2025:7:6 19:55:14.21 [DEBUG] Header Map: accept-language:  en-US,en;q=0.9
2025:7:6 19:55:14.22 [DEBUG] Header Map: host:  localhost:8080
2025:7:6 19:55:14.22 [DEBUG] Header Map: connection:  keep-alive
2025:7:6 19:55:14.22 [DEBUG] Header Map: dnt:  1
2025:7:6 19:55:14.22 [DEBUG] Header Map: sec-ch-ua-platform:  "Linux"
2025:7:6 19:55:14.22 [DEBUG] Header Map: sec-fetch-site:  same-origin
2025:7:6 19:55:14.22 [DEBUG] Header Map: user-agent:  Mozilla/5.0 (X11; Linux x86_64) AppleWebKit/537.36 (KHTML, like Gecko) Chrome/138.0.0.0 Safari/537.36
2025:7:6 19:55:14.22 [DEBUG] Header Map: sec-ch-ua:  "Not)A;Brand";v="8", "Chromium";v="138", "Google Chrome";v="138"
2025:7:6 19:55:14.22 [DEBUG] Header Map: sec-ch-ua-mobile:  ?0
2025:7:6 19:55:14.22 [DEBUG] Header Map: accept-encoding:  gzip, deflate, br, zstd
2025:7:6 19:55:14.22 [DEBUG] Header Map: accept:  */*
2025:7:6 19:55:14.22 [DEBUG] Header Map: sec-fetch-mode:  cors
2025:7:6 19:55:14.22 [DEBUG] Header Map: sec-fetch-dest:  empty
2025:7:6 19:55:14.22 [DEBUG] Header Map: referer:  http://localhost:8080/
2025:7:6 19:55:14.22 [DEBUG] 
2025:7:6 19:55:15.22 [DEBUG] Header Map: accept-language:  en-US,en;q=0.9
2025:7:6 19:55:15.22 [DEBUG] Header Map: host:  localhost:8080
2025:7:6 19:55:15.22 [DEBUG] Header Map: connection:  keep-alive
2025:7:6 19:55:15.22 [DEBUG] Header Map: dnt:  1
2025:7:6 19:55:15.22 [DEBUG] Header Map: sec-ch-ua-platform:  "Linux"
2025:7:6 19:55:15.22 [DEBUG] Header Map: sec-fetch-site:  same-origin
2025:7:6 19:55:15.22 [DEBUG] Header Map: user-agent:  Mozilla/5.0 (X11; Linux x86_64) AppleWebKit/537.36 (KHTML, like Gecko) Chrome/138.0.0.0 Safari/537.36
2025:7:6 19:55:15.22 [DEBUG] Header Map: sec-ch-ua:  "Not)A;Brand";v="8", "Chromium";v="138", "Google Chrome";v="138"
2025:7:6 19:55:15.22 [DEBUG] Header Map: sec-ch-ua-mobile:  ?0
2025:7:6 19:55:15.22 [DEBUG] Header Map: accept-encoding:  gzip, deflate, br, zstd
2025:7:6 19:55:15.22 [DEBUG] Header Map: accept:  */*
2025:7:6 19:55:15.22 [DEBUG] Header Map: sec-fetch-mode:  cors
2025:7:6 19:55:15.22 [DEBUG] Header Map: sec-fetch-dest:  empty
2025:7:6 19:55:15.22 [DEBUG] Header Map: referer:  http://localhost:8080/
2025:7:6 19:55:15.22 [DEBUG] 
2025:7:6 19:55:16.22 [DEBUG] Header Map: accept-language:  en-US,en;q=0.9
2025:7:6 19:55:16.22 [DEBUG] Header Map: host:  localhost:8080
2025:7:6 19:55:16.22 [DEBUG] Header Map: connection:  keep-alive
2025:7:6 19:55:16.22 [DEBUG] Header Map: dnt:  1
2025:7:6 19:55:16.22 [DEBUG] Header Map: sec-ch-ua-platform:  "Linux"
2025:7:6 19:55:16.22 [DEBUG] Header Map: sec-fetch-site:  same-origin
2025:7:6 19:55:16.22 [DEBUG] Header Map: user-agent:  Mozilla/5.0 (X11; Linux x86_64) AppleWebKit/537.36 (KHTML, like Gecko) Chrome/138.0.0.0 Safari/537.36
2025:7:6 19:55:16.22 [DEBUG] Header Map: sec-ch-ua:  "Not)A;Brand";v="8", "Chromium";v="138", "Google Chrome";v="138"
2025:7:6 19:55:16.22 [DEBUG] Header Map: sec-ch-ua-mobile:  ?0
2025:7:6 19:55:16.22 [DEBUG] Header Map: accept-encoding:  gzip, deflate, br, zstd
2025:7:6 19:55:16.22 [DEBUG] Header Map: accept:  */*
2025:7:6 19:55:16.22 [DEBUG] Header Map: sec-fetch-mode:  cors
2025:7:6 19:55:16.22 [DEBUG] Header Map: sec-fetch-dest:  empty
2025:7:6 19:55:16.22 [DEBUG] Header Map: referer:  http://localhost:8080/
2025:7:6 19:55:16.22 [DEBUG] 
2025:7:6 19:55:17.22 [DEBUG] Header Map: accept-language:  en-US,en;q=0.9
2025:7:6 19:55:17.22 [DEBUG] Header Map: host:  localhost:8080
2025:7:6 19:55:17.22 [DEBUG] Header Map: connection:  keep-alive
2025:7:6 19:55:17.22 [DEBUG] Header Map: dnt:  1
2025:7:6 19:55:17.22 [DEBUG] Header Map: sec-ch-ua-platform:  "Linux"
2025:7:6 19:55:17.22 [DEBUG] Header Map: sec-fetch-site:  same-origin
2025:7:6 19:55:17.22 [DEBUG] Header Map: user-agent:  Mozilla/5.0 (X11; Linux x86_64) AppleWebKit/537.36 (KHTML, like Gecko) Chrome/138.0.0.0 Safari/537.36
2025:7:6 19:55:17.22 [DEBUG] Header Map: sec-ch-ua:  "Not)A;Brand";v="8", "Chromium";v="138", "Google Chrome";v="138"
2025:7:6 19:55:17.22 [DEBUG] Header Map: sec-ch-ua-mobile:  ?0
2025:7:6 19:55:17.22 [DEBUG] Header Map: accept-encoding:  gzip, deflate, br, zstd
2025:7:6 19:55:17.22 [DEBUG] Header Map: accept:  */*
2025:7:6 19:55:17.22 [DEBUG] Header Map: sec-fetch-mode:  cors
2025:7:6 19:55:17.22 [DEBUG] Header Map: sec-fetch-dest:  empty
2025:7:6 19:55:17.22 [DEBUG] Header Map: referer:  http://localhost:8080/
2025:7:6 19:55:17.22 [DEBUG] 
