2025:07:06 21:55:25.60 [INFO] Program Started!
2025:07:06 21:55:28.580 [DEBUG] Header Map: accept-encoding:  gzip, deflate
2025:07:06 21:55:28.580 [DEBUG] Header Map: accept-language:  en-US,en;q=0.9
2025:07:06 21:55:28.580 [DEBUG] Header Map: user-agent:  Mozilla/5.0 (iPhone; CPU iPhone OS 18_5_0 like Mac OS X) AppleWebKit/605.1.15 (KHTML, like Gecko) CriOS/138.0.7204.56 Mobile/15E148 Safari/604.1
2025:07:06 21:55:28.580 [DEBUG] Header Map: accept:  text/html,application/xhtml+xml,application/xml;q=0.9,*/*;q=0.8
2025:07:06 21:55:28.580 [DEBUG] Header Map: upgrade-insecure-requests:  1
2025:07:06 21:55:28.580 [DEBUG] Header Map: connection:  keep-alive
2025:07:06 21:55:28.580 [DEBUG] Header Map: host:  192.168.1.59:8080
2025:07:06 21:55:28.580 [DEBUG] 
2025:07:06 21:55:28.627 [DEBUG] Header Map: accept-encoding:  gzip, deflate
2025:07:06 21:55:28.627 [DEBUG] Header Map: referer:  http://192.168.1.59:8080/
2025:07:06 21:55:28.627 [DEBUG] Header Map: accept-language:  en-US,en;q=0.9
2025:07:06 21:55:28.627 [DEBUG] Header Map: user-agent:  Mozilla/5.0 (iPhone; CPU iPhone OS 18_5_0 like Mac OS X) AppleWebKit/605.1.15 (KHTML, like Gecko) CriOS/138.0.7204.56 Mobile/15E148 Safari/604.1
2025:07:06 21:55:28.627 [DEBUG] Header Map: accept:  image/webp,image/avif,image/jxl,image/heic,image/heic-sequence,video/*;q=0.8,image/png,image/svg+xml,image/*;q=0.8,*/*;q=0.5
2025:07:06 21:55:28.627 [DEBUG] Header Map: connection:  keep-alive
2025:07:06 21:55:28.627 [DEBUG] Header Map: host:  192.168.1.59:8080
2025:07:06 21:55:28.627 [DEBUG] 
2025:07:06 21:55:33.657 [DEBUG] Header Map: content-length:  2710358
2025:07:06 21:55:33.657 [DEBUG] Header Map: user-agent:  Mozilla/5.0 (iPhone; CPU iPhone OS 18_5_0 like Mac OS X) AppleWebKit/605.1.15 (KHTML, like Gecko) CriOS/138.0.7204.56 Mobile/15E148 Safari/604.1
2025:07:06 21:55:33.657 [DEBUG] Header Map: accept:  */*
2025:07:06 21:55:33.657 [DEBUG] Header Map: accept-encoding:  gzip, deflate
2025:07:06 21:55:33.657 [DEBUG] Header Map: accept-language:  en-US,en;q=0.9
2025:07:06 21:55:33.657 [DEBUG] Header Map: origin:  http://192.168.1.59:8080
2025:07:06 21:55:33.657 [DEBUG] Header Map: referer:  http://192.168.1.59:8080/
2025:07:06 21:55:33.657 [DEBUG] Header Map: content-type:  multipart/form-data; boundary=----WebKitFormBoundaryVdq7465ZreVEHVGK
2025:07:06 21:55:33.657 [DEBUG] Header Map: connection:  keep-alive
2025:07:06 21:55:33.657 [DEBUG] Header Map: host:  192.168.1.59:8080
2025:07:06 21:55:33.657 [DEBUG] 
2025:07:06 21:55:33.657 [DEBUG] Starting POST
2025:07:06 21:55:33.659 [DEBUG] Starting Boost Read
2025:07:06 21:55:33.662 [DEBUG] Ending Boost Read
2025:07:06 21:55:33.663 [ERROR] Failed to read full body: incomplete read
